==165428== Memcheck, a memory error detector
==165428== Copyright (C) 2002-2022, and GNU GPL'd, by Julian Seward et al.
==165428== Using Valgrind-3.22.0 and LibVEX; rerun with -h for copyright info
==165428== Command: ./build/CDS_GATEWAY
==165428== Parent PID: 25859
==165428== 
==165428== 
==165428== Process terminating with default action of signal 2 (SIGINT)
==165428==    at 0x789B4CD: poll (poll.c:29)
==165428==    by 0x9D5B68D: ??? (in /usr/lib/x86_64-linux-gnu/libglib-2.0.so.0.8000.0)
==165428==    by 0x9CFBA62: g_main_context_iteration (in /usr/lib/x86_64-linux-gnu/libglib-2.0.so.0.8000.0)
==165428==    by 0x6884E9D: QEventDispatcherGlib::processEvents(QFlags<QEventLoop::ProcessEventsFlag>) (in /opt/Qt/6.9.0/gcc_64/lib/libQt6Core.so.6.9.0)
==165428==    by 0x65ABD0A: QEventLoop::exec(QFlags<QEventLoop::ProcessEventsFlag>) (in /opt/Qt/6.9.0/gcc_64/lib/libQt6Core.so.6.9.0)
==165428==    by 0x66B5EAD: QThread::exec() (in /opt/Qt/6.9.0/gcc_64/lib/libQt6Core.so.6.9.0)
==165428==    by 0x9E27B9D: ??? (in /opt/Qt/6.9.0/gcc_64/lib/libQt6DBus.so.6.9.0)
==165428==    by 0x675169A: ??? (in /opt/Qt/6.9.0/gcc_64/lib/libQt6Core.so.6.9.0)
==165428==    by 0x781CAA3: start_thread (pthread_create.c:447)
==165428==    by 0x78A9A33: clone (clone.S:100)
==165428== 
==165428== HEAP SUMMARY:
==165428==     in use at exit: 175,669,777 bytes in 88,142 blocks
==165428==   total heap usage: 358,347 allocs, 270,205 frees, 338,303,947 bytes allocated
==165428== 
==165428== 80 bytes in 1 blocks are possibly lost in loss record 7,414 of 11,113
==165428==    at 0x4846828: malloc (in /usr/libexec/valgrind/vgpreload_memcheck-amd64-linux.so)
==165428==    by 0x9FCF0BE: ??? (in /usr/lib/x86_64-linux-gnu/libGLdispatch.so.0.0.0)
==165428==    by 0x9FCF7F3: __glDispatchInit (in /usr/lib/x86_64-linux-gnu/libGLdispatch.so.0.0.0)
==165428==    by 0x9AFBE71: ??? (in /usr/lib/x86_64-linux-gnu/libEGL.so.1.1.0)
==165428==    by 0x400571E: call_init.part.0 (dl-init.c:74)
==165428==    by 0x4005823: call_init (dl-init.c:120)
==165428==    by 0x4005823: _dl_init (dl-init.c:121)
==165428==    by 0x401F59F: ??? (in /usr/lib/x86_64-linux-gnu/ld-linux-x86-64.so.2)
==165428== 
==165428== 80 bytes in 1 blocks are possibly lost in loss record 7,415 of 11,113
==165428==    at 0x4846828: malloc (in /usr/libexec/valgrind/vgpreload_memcheck-amd64-linux.so)
==165428==    by 0x9FCF0BE: ??? (in /usr/lib/x86_64-linux-gnu/libGLdispatch.so.0.0.0)
==165428==    by 0x9FCFA1F: __glDispatchRegisterStubCallbacks (in /usr/lib/x86_64-linux-gnu/libGLdispatch.so.0.0.0)
==165428==    by 0x79D5228: ??? (in /usr/lib/x86_64-linux-gnu/libGL.so.1.7.0)
==165428==    by 0x400571E: call_init.part.0 (dl-init.c:74)
==165428==    by 0x4005823: call_init (dl-init.c:120)
==165428==    by 0x4005823: _dl_init (dl-init.c:121)
==165428==    by 0x401F59F: ??? (in /usr/lib/x86_64-linux-gnu/ld-linux-x86-64.so.2)
==165428== 
==165428== 80 bytes in 1 blocks are possibly lost in loss record 7,416 of 11,113
==165428==    at 0x4846828: malloc (in /usr/libexec/valgrind/vgpreload_memcheck-amd64-linux.so)
==165428==    by 0x9FCF0BE: ??? (in /usr/lib/x86_64-linux-gnu/libGLdispatch.so.0.0.0)
==165428==    by 0x9FCFA1F: __glDispatchRegisterStubCallbacks (in /usr/lib/x86_64-linux-gnu/libGLdispatch.so.0.0.0)
==165428==    by 0x62BF208: ??? (in /usr/lib/x86_64-linux-gnu/libOpenGL.so.0.0.0)
==165428==    by 0x400571E: call_init.part.0 (dl-init.c:74)
==165428==    by 0x4005823: call_init (dl-init.c:120)
==165428==    by 0x4005823: _dl_init (dl-init.c:121)
==165428==    by 0x401F59F: ??? (in /usr/lib/x86_64-linux-gnu/ld-linux-x86-64.so.2)
==165428== 
==165428== 160 bytes in 1 blocks are possibly lost in loss record 8,977 of 11,113
==165428==    at 0x4846828: malloc (in /usr/libexec/valgrind/vgpreload_memcheck-amd64-linux.so)
==165428==    by 0x6601534: ??? (in /opt/Qt/6.9.0/gcc_64/lib/libQt6Core.so.6.9.0)
==165428==    by 0x65F9007: QObjectPrivate::connectImpl(QObject const*, int, QObject const*, void**, QtPrivate::QSlotObjectBase*, int, int const*, QMetaObject const*) (in /opt/Qt/6.9.0/gcc_64/lib/libQt6Core.so.6.9.0)
==165428==    by 0x65F948A: QObject::connectImpl(QObject const*, void**, QObject const*, void**, QtPrivate::QSlotObjectBase*, Qt::ConnectionType, int const*, QMetaObject const*) (in /opt/Qt/6.9.0/gcc_64/lib/libQt6Core.so.6.9.0)
==165428==    by 0x4C3EFB8: ??? (in /opt/Qt/6.9.0/gcc_64/lib/libQt6Widgets.so.6.9.0)
==165428==    by 0x4C06C95: QTabBarPrivate::init() (in /opt/Qt/6.9.0/gcc_64/lib/libQt6Widgets.so.6.9.0)
==165428==    by 0x4C2D4EC: ??? (in /opt/Qt/6.9.0/gcc_64/lib/libQt6Widgets.so.6.9.0)
==165428==    by 0x24A655: PolicyPage::PolicyPage(QWidget*) (PolicyPage.cpp:34)
==165428==    by 0x2433A9: CdsGuardMainWindow::CdsGuardMainWindow(QWidget*) (MainWindow.cpp:27)
==165428==    by 0x29955E: main (main.cpp:198)
==165428== 
==165428== 160 bytes in 1 blocks are possibly lost in loss record 8,978 of 11,113
==165428==    at 0x4846828: malloc (in /usr/libexec/valgrind/vgpreload_memcheck-amd64-linux.so)
==165428==    by 0x6601534: ??? (in /opt/Qt/6.9.0/gcc_64/lib/libQt6Core.so.6.9.0)
==165428==    by 0x65F9007: QObjectPrivate::connectImpl(QObject const*, int, QObject const*, void**, QtPrivate::QSlotObjectBase*, int, int const*, QMetaObject const*) (in /opt/Qt/6.9.0/gcc_64/lib/libQt6Core.so.6.9.0)
==165428==    by 0x65F948A: QObject::connectImpl(QObject const*, void**, QObject const*, void**, QtPrivate::QSlotObjectBase*, Qt::ConnectionType, int const*, QMetaObject const*) (in /opt/Qt/6.9.0/gcc_64/lib/libQt6Core.so.6.9.0)
==165428==    by 0x4C3EFB8: ??? (in /opt/Qt/6.9.0/gcc_64/lib/libQt6Widgets.so.6.9.0)
==165428==    by 0x4C06DB1: QTabBarPrivate::init() (in /opt/Qt/6.9.0/gcc_64/lib/libQt6Widgets.so.6.9.0)
==165428==    by 0x4C2D4EC: ??? (in /opt/Qt/6.9.0/gcc_64/lib/libQt6Widgets.so.6.9.0)
==165428==    by 0x24A655: PolicyPage::PolicyPage(QWidget*) (PolicyPage.cpp:34)
==165428==    by 0x2433A9: CdsGuardMainWindow::CdsGuardMainWindow(QWidget*) (MainWindow.cpp:27)
==165428==    by 0x29955E: main (main.cpp:198)
==165428== 
==165428== 160 bytes in 1 blocks are possibly lost in loss record 8,979 of 11,113
==165428==    at 0x4846828: malloc (in /usr/libexec/valgrind/vgpreload_memcheck-amd64-linux.so)
==165428==    by 0x6601534: ??? (in /opt/Qt/6.9.0/gcc_64/lib/libQt6Core.so.6.9.0)
==165428==    by 0x65F9007: QObjectPrivate::connectImpl(QObject const*, int, QObject const*, void**, QtPrivate::QSlotObjectBase*, int, int const*, QMetaObject const*) (in /opt/Qt/6.9.0/gcc_64/lib/libQt6Core.so.6.9.0)
==165428==    by 0x65F948A: QObject::connectImpl(QObject const*, void**, QObject const*, void**, QtPrivate::QSlotObjectBase*, Qt::ConnectionType, int const*, QMetaObject const*) (in /opt/Qt/6.9.0/gcc_64/lib/libQt6Core.so.6.9.0)
==165428==    by 0x9E239F5: QDBusConnectionInterface::QDBusConnectionInterface(QDBusConnection const&, QObject*) (in /opt/Qt/6.9.0/gcc_64/lib/libQt6DBus.so.6.9.0)
==165428==    by 0x9E1FFBB: ??? (in /opt/Qt/6.9.0/gcc_64/lib/libQt6DBus.so.6.9.0)
==165428==    by 0x9E28EEE: ??? (in /opt/Qt/6.9.0/gcc_64/lib/libQt6DBus.so.6.9.0)
==165428==    by 0x9E2987D: ??? (in /opt/Qt/6.9.0/gcc_64/lib/libQt6DBus.so.6.9.0)
==165428==    by 0x65F6FD7: QObject::event(QEvent*) (in /opt/Qt/6.9.0/gcc_64/lib/libQt6Core.so.6.9.0)
==165428==    by 0x659EF33: QCoreApplication::notifyInternal2(QObject*, QEvent*) (in /opt/Qt/6.9.0/gcc_64/lib/libQt6Core.so.6.9.0)
==165428==    by 0x65A272C: QCoreApplicationPrivate::sendPostedEvents(QObject*, int, QThreadData*) (in /opt/Qt/6.9.0/gcc_64/lib/libQt6Core.so.6.9.0)
==165428==    by 0x68857E6: ??? (in /opt/Qt/6.9.0/gcc_64/lib/libQt6Core.so.6.9.0)
==165428== 
==165428== 160 bytes in 1 blocks are possibly lost in loss record 8,980 of 11,113
==165428==    at 0x4846828: malloc (in /usr/libexec/valgrind/vgpreload_memcheck-amd64-linux.so)
==165428==    by 0x6601534: ??? (in /opt/Qt/6.9.0/gcc_64/lib/libQt6Core.so.6.9.0)
==165428==    by 0x65F9007: QObjectPrivate::connectImpl(QObject const*, int, QObject const*, void**, QtPrivate::QSlotObjectBase*, int, int const*, QMetaObject const*) (in /opt/Qt/6.9.0/gcc_64/lib/libQt6Core.so.6.9.0)
==165428==    by 0x65F948A: QObject::connectImpl(QObject const*, void**, QObject const*, void**, QtPrivate::QSlotObjectBase*, Qt::ConnectionType, int const*, QMetaObject const*) (in /opt/Qt/6.9.0/gcc_64/lib/libQt6Core.so.6.9.0)
==165428==    by 0x5DB162E: QAccessibleCache::insert(QObject*, QAccessibleInterface*) const (in /opt/Qt/6.9.0/gcc_64/lib/libQt6Gui.so.6.9.0)
==165428==    by 0x5DA940B: QAccessible::queryAccessibleInterface(QObject*) (in /opt/Qt/6.9.0/gcc_64/lib/libQt6Gui.so.6.9.0)
==165428==    by 0x5DAC410: QAccessibleEvent::accessibleInterface() const (in /opt/Qt/6.9.0/gcc_64/lib/libQt6Gui.so.6.9.0)
==165428==    by 0x5DA5D90: QAccessible::updateAccessibility(QAccessibleEvent*) (in /opt/Qt/6.9.0/gcc_64/lib/libQt6Gui.so.6.9.0)
==165428==    by 0x4B18411: QAbstractButton::setText(QString const&) (in /opt/Qt/6.9.0/gcc_64/lib/libQt6Widgets.so.6.9.0)
==165428==    by 0x24A9A3: PolicyPage::PolicyPage(QWidget*) (PolicyPage.cpp:80)
==165428==    by 0x2433A9: CdsGuardMainWindow::CdsGuardMainWindow(QWidget*) (MainWindow.cpp:27)
==165428==    by 0x29955E: main (main.cpp:198)
==165428== 
==165428== 160 bytes in 1 blocks are possibly lost in loss record 8,981 of 11,113
==165428==    at 0x4846828: malloc (in /usr/libexec/valgrind/vgpreload_memcheck-amd64-linux.so)
==165428==    by 0x6601534: ??? (in /opt/Qt/6.9.0/gcc_64/lib/libQt6Core.so.6.9.0)
==165428==    by 0x65F9007: QObjectPrivate::connectImpl(QObject const*, int, QObject const*, void**, QtPrivate::QSlotObjectBase*, int, int const*, QMetaObject const*) (in /opt/Qt/6.9.0/gcc_64/lib/libQt6Core.so.6.9.0)
==165428==    by 0x65F948A: QObject::connectImpl(QObject const*, void**, QObject const*, void**, QtPrivate::QSlotObjectBase*, Qt::ConnectionType, int const*, QMetaObject const*) (in /opt/Qt/6.9.0/gcc_64/lib/libQt6Core.so.6.9.0)
==165428==    by 0x5DB162E: QAccessibleCache::insert(QObject*, QAccessibleInterface*) const (in /opt/Qt/6.9.0/gcc_64/lib/libQt6Gui.so.6.9.0)
==165428==    by 0x5DA940B: QAccessible::queryAccessibleInterface(QObject*) (in /opt/Qt/6.9.0/gcc_64/lib/libQt6Gui.so.6.9.0)
==165428==    by 0x5DAC410: QAccessibleEvent::accessibleInterface() const (in /opt/Qt/6.9.0/gcc_64/lib/libQt6Gui.so.6.9.0)
==165428==    by 0x5DA5D90: QAccessible::updateAccessibility(QAccessibleEvent*) (in /opt/Qt/6.9.0/gcc_64/lib/libQt6Gui.so.6.9.0)
==165428==    by 0x4B18411: QAbstractButton::setText(QString const&) (in /opt/Qt/6.9.0/gcc_64/lib/libQt6Widgets.so.6.9.0)
==165428==    by 0x24AA1F: PolicyPage::PolicyPage(QWidget*) (PolicyPage.cpp:82)
==165428==    by 0x2433A9: CdsGuardMainWindow::CdsGuardMainWindow(QWidget*) (MainWindow.cpp:27)
==165428==    by 0x29955E: main (main.cpp:198)
==165428== 
==165428== 160 bytes in 1 blocks are possibly lost in loss record 8,982 of 11,113
==165428==    at 0x4846828: malloc (in /usr/libexec/valgrind/vgpreload_memcheck-amd64-linux.so)
==165428==    by 0x6601534: ??? (in /opt/Qt/6.9.0/gcc_64/lib/libQt6Core.so.6.9.0)
==165428==    by 0x65F9007: QObjectPrivate::connectImpl(QObject const*, int, QObject const*, void**, QtPrivate::QSlotObjectBase*, int, int const*, QMetaObject const*) (in /opt/Qt/6.9.0/gcc_64/lib/libQt6Core.so.6.9.0)
==165428==    by 0x65F948A: QObject::connectImpl(QObject const*, void**, QObject const*, void**, QtPrivate::QSlotObjectBase*, Qt::ConnectionType, int const*, QMetaObject const*) (in /opt/Qt/6.9.0/gcc_64/lib/libQt6Core.so.6.9.0)
==165428==    by 0x5DB162E: QAccessibleCache::insert(QObject*, QAccessibleInterface*) const (in /opt/Qt/6.9.0/gcc_64/lib/libQt6Gui.so.6.9.0)
==165428==    by 0x5DA940B: QAccessible::queryAccessibleInterface(QObject*) (in /opt/Qt/6.9.0/gcc_64/lib/libQt6Gui.so.6.9.0)
==165428==    by 0x5DAC410: QAccessibleEvent::accessibleInterface() const (in /opt/Qt/6.9.0/gcc_64/lib/libQt6Gui.so.6.9.0)
==165428==    by 0x5DA5D90: QAccessible::updateAccessibility(QAccessibleEvent*) (in /opt/Qt/6.9.0/gcc_64/lib/libQt6Gui.so.6.9.0)
==165428==    by 0x4B18411: QAbstractButton::setText(QString const&) (in /opt/Qt/6.9.0/gcc_64/lib/libQt6Widgets.so.6.9.0)
==165428==    by 0x24AA9B: PolicyPage::PolicyPage(QWidget*) (PolicyPage.cpp:84)
==165428==    by 0x2433A9: CdsGuardMainWindow::CdsGuardMainWindow(QWidget*) (MainWindow.cpp:27)
==165428==    by 0x29955E: main (main.cpp:198)
==165428== 
==165428== 160 bytes in 1 blocks are possibly lost in loss record 8,983 of 11,113
==165428==    at 0x4846828: malloc (in /usr/libexec/valgrind/vgpreload_memcheck-amd64-linux.so)
==165428==    by 0x6601534: ??? (in /opt/Qt/6.9.0/gcc_64/lib/libQt6Core.so.6.9.0)
==165428==    by 0x65F9007: QObjectPrivate::connectImpl(QObject const*, int, QObject const*, void**, QtPrivate::QSlotObjectBase*, int, int const*, QMetaObject const*) (in /opt/Qt/6.9.0/gcc_64/lib/libQt6Core.so.6.9.0)
==165428==    by 0x65F948A: QObject::connectImpl(QObject const*, void**, QObject const*, void**, QtPrivate::QSlotObjectBase*, Qt::ConnectionType, int const*, QMetaObject const*) (in /opt/Qt/6.9.0/gcc_64/lib/libQt6Core.so.6.9.0)
==165428==    by 0x5DB162E: QAccessibleCache::insert(QObject*, QAccessibleInterface*) const (in /opt/Qt/6.9.0/gcc_64/lib/libQt6Gui.so.6.9.0)
==165428==    by 0x5DA940B: QAccessible::queryAccessibleInterface(QObject*) (in /opt/Qt/6.9.0/gcc_64/lib/libQt6Gui.so.6.9.0)
==165428==    by 0x5DAC410: QAccessibleEvent::accessibleInterface() const (in /opt/Qt/6.9.0/gcc_64/lib/libQt6Gui.so.6.9.0)
==165428==    by 0x5DA5D90: QAccessible::updateAccessibility(QAccessibleEvent*) (in /opt/Qt/6.9.0/gcc_64/lib/libQt6Gui.so.6.9.0)
==165428==    by 0x4B18411: QAbstractButton::setText(QString const&) (in /opt/Qt/6.9.0/gcc_64/lib/libQt6Widgets.so.6.9.0)
==165428==    by 0x24AB17: PolicyPage::PolicyPage(QWidget*) (PolicyPage.cpp:86)
==165428==    by 0x2433A9: CdsGuardMainWindow::CdsGuardMainWindow(QWidget*) (MainWindow.cpp:27)
==165428==    by 0x29955E: main (main.cpp:198)
==165428== 
==165428== 160 bytes in 1 blocks are possibly lost in loss record 8,984 of 11,113
==165428==    at 0x4846828: malloc (in /usr/libexec/valgrind/vgpreload_memcheck-amd64-linux.so)
==165428==    by 0x6601534: ??? (in /opt/Qt/6.9.0/gcc_64/lib/libQt6Core.so.6.9.0)
==165428==    by 0x65F9007: QObjectPrivate::connectImpl(QObject const*, int, QObject const*, void**, QtPrivate::QSlotObjectBase*, int, int const*, QMetaObject const*) (in /opt/Qt/6.9.0/gcc_64/lib/libQt6Core.so.6.9.0)
==165428==    by 0x65F948A: QObject::connectImpl(QObject const*, void**, QObject const*, void**, QtPrivate::QSlotObjectBase*, Qt::ConnectionType, int const*, QMetaObject const*) (in /opt/Qt/6.9.0/gcc_64/lib/libQt6Core.so.6.9.0)
==165428==    by 0x5DB162E: QAccessibleCache::insert(QObject*, QAccessibleInterface*) const (in /opt/Qt/6.9.0/gcc_64/lib/libQt6Gui.so.6.9.0)
==165428==    by 0x5DA940B: QAccessible::queryAccessibleInterface(QObject*) (in /opt/Qt/6.9.0/gcc_64/lib/libQt6Gui.so.6.9.0)
==165428==    by 0x5DAC410: QAccessibleEvent::accessibleInterface() const (in /opt/Qt/6.9.0/gcc_64/lib/libQt6Gui.so.6.9.0)
==165428==    by 0x5DA5D90: QAccessible::updateAccessibility(QAccessibleEvent*) (in /opt/Qt/6.9.0/gcc_64/lib/libQt6Gui.so.6.9.0)
==165428==    by 0x4B18411: QAbstractButton::setText(QString const&) (in /opt/Qt/6.9.0/gcc_64/lib/libQt6Widgets.so.6.9.0)
==165428==    by 0x24AB93: PolicyPage::PolicyPage(QWidget*) (PolicyPage.cpp:88)
==165428==    by 0x2433A9: CdsGuardMainWindow::CdsGuardMainWindow(QWidget*) (MainWindow.cpp:27)
==165428==    by 0x29955E: main (main.cpp:198)
==165428== 
==165428== 160 bytes in 1 blocks are possibly lost in loss record 8,985 of 11,113
==165428==    at 0x4846828: malloc (in /usr/libexec/valgrind/vgpreload_memcheck-amd64-linux.so)
==165428==    by 0x6601534: ??? (in /opt/Qt/6.9.0/gcc_64/lib/libQt6Core.so.6.9.0)
==165428==    by 0x65F9007: QObjectPrivate::connectImpl(QObject const*, int, QObject const*, void**, QtPrivate::QSlotObjectBase*, int, int const*, QMetaObject const*) (in /opt/Qt/6.9.0/gcc_64/lib/libQt6Core.so.6.9.0)
==165428==    by 0x65F948A: QObject::connectImpl(QObject const*, void**, QObject const*, void**, QtPrivate::QSlotObjectBase*, Qt::ConnectionType, int const*, QMetaObject const*) (in /opt/Qt/6.9.0/gcc_64/lib/libQt6Core.so.6.9.0)
==165428==    by 0x5DB162E: QAccessibleCache::insert(QObject*, QAccessibleInterface*) const (in /opt/Qt/6.9.0/gcc_64/lib/libQt6Gui.so.6.9.0)
==165428==    by 0x5DA940B: QAccessible::queryAccessibleInterface(QObject*) (in /opt/Qt/6.9.0/gcc_64/lib/libQt6Gui.so.6.9.0)
==165428==    by 0x5DAC410: QAccessibleEvent::accessibleInterface() const (in /opt/Qt/6.9.0/gcc_64/lib/libQt6Gui.so.6.9.0)
==165428==    by 0x5DA5D90: QAccessible::updateAccessibility(QAccessibleEvent*) (in /opt/Qt/6.9.0/gcc_64/lib/libQt6Gui.so.6.9.0)
==165428==    by 0x4B18411: QAbstractButton::setText(QString const&) (in /opt/Qt/6.9.0/gcc_64/lib/libQt6Widgets.so.6.9.0)
==165428==    by 0x24AC2D: PolicyPage::PolicyPage(QWidget*) (PolicyPage.cpp:90)
==165428==    by 0x2433A9: CdsGuardMainWindow::CdsGuardMainWindow(QWidget*) (MainWindow.cpp:27)
==165428==    by 0x29955E: main (main.cpp:198)
==165428== 
==165428== 160 bytes in 1 blocks are possibly lost in loss record 8,986 of 11,113
==165428==    at 0x4846828: malloc (in /usr/libexec/valgrind/vgpreload_memcheck-amd64-linux.so)
==165428==    by 0x6601534: ??? (in /opt/Qt/6.9.0/gcc_64/lib/libQt6Core.so.6.9.0)
==165428==    by 0x65F9007: QObjectPrivate::connectImpl(QObject const*, int, QObject const*, void**, QtPrivate::QSlotObjectBase*, int, int const*, QMetaObject const*) (in /opt/Qt/6.9.0/gcc_64/lib/libQt6Core.so.6.9.0)
==165428==    by 0x65F948A: QObject::connectImpl(QObject const*, void**, QObject const*, void**, QtPrivate::QSlotObjectBase*, Qt::ConnectionType, int const*, QMetaObject const*) (in /opt/Qt/6.9.0/gcc_64/lib/libQt6Core.so.6.9.0)
==165428==    by 0x4B893A7: ??? (in /opt/Qt/6.9.0/gcc_64/lib/libQt6Widgets.so.6.9.0)
==165428==    by 0x4B8173C: QLineEdit::QLineEdit(QWidget*) (in /opt/Qt/6.9.0/gcc_64/lib/libQt6Widgets.so.6.9.0)
==165428==    by 0x24B24C: PolicyPage::PolicyPage(QWidget*) (PolicyPage.cpp:110)
==165428==    by 0x2433A9: CdsGuardMainWindow::CdsGuardMainWindow(QWidget*) (MainWindow.cpp:27)
==165428==    by 0x29955E: main (main.cpp:198)
==165428== 
==165428== 160 bytes in 1 blocks are possibly lost in loss record 8,987 of 11,113
==165428==    at 0x4846828: malloc (in /usr/libexec/valgrind/vgpreload_memcheck-amd64-linux.so)
==165428==    by 0x6601380: ??? (in /opt/Qt/6.9.0/gcc_64/lib/libQt6Core.so.6.9.0)
==165428==    by 0x65F9007: QObjectPrivate::connectImpl(QObject const*, int, QObject const*, void**, QtPrivate::QSlotObjectBase*, int, int const*, QMetaObject const*) (in /opt/Qt/6.9.0/gcc_64/lib/libQt6Core.so.6.9.0)
==165428==    by 0x65F948A: QObject::connectImpl(QObject const*, void**, QObject const*, void**, QtPrivate::QSlotObjectBase*, Qt::ConnectionType, int const*, QMetaObject const*) (in /opt/Qt/6.9.0/gcc_64/lib/libQt6Core.so.6.9.0)
==165428==    by 0x4B8943A: ??? (in /opt/Qt/6.9.0/gcc_64/lib/libQt6Widgets.so.6.9.0)
==165428==    by 0x4B8173C: QLineEdit::QLineEdit(QWidget*) (in /opt/Qt/6.9.0/gcc_64/lib/libQt6Widgets.so.6.9.0)
==165428==    by 0x24B24C: PolicyPage::PolicyPage(QWidget*) (PolicyPage.cpp:110)
==165428==    by 0x2433A9: CdsGuardMainWindow::CdsGuardMainWindow(QWidget*) (MainWindow.cpp:27)
==165428==    by 0x29955E: main (main.cpp:198)
==165428== 
==165428== 160 bytes in 1 blocks are possibly lost in loss record 8,988 of 11,113
==165428==    at 0x4846828: malloc (in /usr/libexec/valgrind/vgpreload_memcheck-amd64-linux.so)
==165428==    by 0x6601534: ??? (in /opt/Qt/6.9.0/gcc_64/lib/libQt6Core.so.6.9.0)
==165428==    by 0x65F9007: QObjectPrivate::connectImpl(QObject const*, int, QObject const*, void**, QtPrivate::QSlotObjectBase*, int, int const*, QMetaObject const*) (in /opt/Qt/6.9.0/gcc_64/lib/libQt6Core.so.6.9.0)
==165428==    by 0x65F948A: QObject::connectImpl(QObject const*, void**, QObject const*, void**, QtPrivate::QSlotObjectBase*, Qt::ConnectionType, int const*, QMetaObject const*) (in /opt/Qt/6.9.0/gcc_64/lib/libQt6Core.so.6.9.0)
==165428==    by 0x4B8B5DE: ??? (in /opt/Qt/6.9.0/gcc_64/lib/libQt6Widgets.so.6.9.0)
==165428==    by 0x24B3AA: PolicyPage::PolicyPage(QWidget*) (PolicyPage.cpp:115)
==165428==    by 0x2433A9: CdsGuardMainWindow::CdsGuardMainWindow(QWidget*) (MainWindow.cpp:27)
==165428==    by 0x29955E: main (main.cpp:198)
==165428== 
==165428== 160 bytes in 1 blocks are possibly lost in loss record 8,989 of 11,113
==165428==    at 0x4846828: malloc (in /usr/libexec/valgrind/vgpreload_memcheck-amd64-linux.so)
==165428==    by 0x6601534: ??? (in /opt/Qt/6.9.0/gcc_64/lib/libQt6Core.so.6.9.0)
==165428==    by 0x65F9007: QObjectPrivate::connectImpl(QObject const*, int, QObject const*, void**, QtPrivate::QSlotObjectBase*, int, int const*, QMetaObject const*) (in /opt/Qt/6.9.0/gcc_64/lib/libQt6Core.so.6.9.0)
==165428==    by 0x65F948A: QObject::connectImpl(QObject const*, void**, QObject const*, void**, QtPrivate::QSlotObjectBase*, Qt::ConnectionType, int const*, QMetaObject const*) (in /opt/Qt/6.9.0/gcc_64/lib/libQt6Core.so.6.9.0)
==165428==    by 0x4C3EFB8: ??? (in /opt/Qt/6.9.0/gcc_64/lib/libQt6Widgets.so.6.9.0)
==165428==    by 0x4B8B454: ??? (in /opt/Qt/6.9.0/gcc_64/lib/libQt6Widgets.so.6.9.0)
==165428==    by 0x24B3AA: PolicyPage::PolicyPage(QWidget*) (PolicyPage.cpp:115)
==165428==    by 0x2433A9: CdsGuardMainWindow::CdsGuardMainWindow(QWidget*) (MainWindow.cpp:27)
==165428==    by 0x29955E: main (main.cpp:198)
==165428== 
==165428== 160 bytes in 1 blocks are possibly lost in loss record 8,990 of 11,113
==165428==    at 0x4846828: malloc (in /usr/libexec/valgrind/vgpreload_memcheck-amd64-linux.so)
==165428==    by 0x6601534: ??? (in /opt/Qt/6.9.0/gcc_64/lib/libQt6Core.so.6.9.0)
==165428==    by 0x65F9007: QObjectPrivate::connectImpl(QObject const*, int, QObject const*, void**, QtPrivate::QSlotObjectBase*, int, int const*, QMetaObject const*) (in /opt/Qt/6.9.0/gcc_64/lib/libQt6Core.so.6.9.0)
==165428==    by 0x65F948A: QObject::connectImpl(QObject const*, void**, QObject const*, void**, QtPrivate::QSlotObjectBase*, Qt::ConnectionType, int const*, QMetaObject const*) (in /opt/Qt/6.9.0/gcc_64/lib/libQt6Core.so.6.9.0)
==165428==    by 0x4C405E5: QToolButton::actionEvent(QActionEvent*) (in /opt/Qt/6.9.0/gcc_64/lib/libQt6Widgets.so.6.9.0)
==165428==    by 0x4A4D46D: QWidget::event(QEvent*) (in /opt/Qt/6.9.0/gcc_64/lib/libQt6Widgets.so.6.9.0)
==165428==    by 0x49EB97A: QApplicationPrivate::notify_helper(QObject*, QEvent*) (in /opt/Qt/6.9.0/gcc_64/lib/libQt6Widgets.so.6.9.0)
==165428==    by 0x659EF99: QCoreApplication::notifyInternal2(QObject*, QEvent*) (in /opt/Qt/6.9.0/gcc_64/lib/libQt6Core.so.6.9.0)
==165428==    by 0x4A42C58: QWidget::insertAction(QAction*, QAction*) (in /opt/Qt/6.9.0/gcc_64/lib/libQt6Widgets.so.6.9.0)
==165428==    by 0x4C40322: QToolButton::setDefaultAction(QAction*) (in /opt/Qt/6.9.0/gcc_64/lib/libQt6Widgets.so.6.9.0)
==165428==    by 0x4B8B4D7: ??? (in /opt/Qt/6.9.0/gcc_64/lib/libQt6Widgets.so.6.9.0)
==165428==    by 0x24B3AA: PolicyPage::PolicyPage(QWidget*) (PolicyPage.cpp:115)
==165428== 
==165428== 160 bytes in 1 blocks are possibly lost in loss record 8,991 of 11,113
==165428==    at 0x4846828: malloc (in /usr/libexec/valgrind/vgpreload_memcheck-amd64-linux.so)
==165428==    by 0x65F79C9: ??? (in /opt/Qt/6.9.0/gcc_64/lib/libQt6Core.so.6.9.0)
==165428==    by 0x65F8410: QObject::connect(QObject const*, char const*, QObject const*, char const*, Qt::ConnectionType) (in /opt/Qt/6.9.0/gcc_64/lib/libQt6Core.so.6.9.0)
==165428==    by 0x4ADDA4E: ??? (in /opt/Qt/6.9.0/gcc_64/lib/libQt6Widgets.so.6.9.0)
==165428==    by 0x4CCF40C: QAbstractItemView::QAbstractItemView(QAbstractItemViewPrivate&, QWidget*) (in /opt/Qt/6.9.0/gcc_64/lib/libQt6Widgets.so.6.9.0)
==165428==    by 0x4D1763C: QListView::QListView(QListViewPrivate&, QWidget*) (in /opt/Qt/6.9.0/gcc_64/lib/libQt6Widgets.so.6.9.0)
==165428==    by 0x4D318B3: QListWidget::QListWidget(QWidget*) (in /opt/Qt/6.9.0/gcc_64/lib/libQt6Widgets.so.6.9.0)
==165428==    by 0x24B916: PolicyPage::PolicyPage(QWidget*) (PolicyPage.cpp:155)
==165428==    by 0x2433A9: CdsGuardMainWindow::CdsGuardMainWindow(QWidget*) (MainWindow.cpp:27)
==165428==    by 0x29955E: main (main.cpp:198)
==165428== 
==165428== 160 bytes in 1 blocks are possibly lost in loss record 8,992 of 11,113
==165428==    at 0x4846828: malloc (in /usr/libexec/valgrind/vgpreload_memcheck-amd64-linux.so)
==165428==    by 0x65F79C9: ??? (in /opt/Qt/6.9.0/gcc_64/lib/libQt6Core.so.6.9.0)
==165428==    by 0x65F8410: QObject::connect(QObject const*, char const*, QObject const*, char const*, Qt::ConnectionType) (in /opt/Qt/6.9.0/gcc_64/lib/libQt6Core.so.6.9.0)
==165428==    by 0x4ADDB1D: ??? (in /opt/Qt/6.9.0/gcc_64/lib/libQt6Widgets.so.6.9.0)
==165428==    by 0x4CCF40C: QAbstractItemView::QAbstractItemView(QAbstractItemViewPrivate&, QWidget*) (in /opt/Qt/6.9.0/gcc_64/lib/libQt6Widgets.so.6.9.0)
==165428==    by 0x4D1763C: QListView::QListView(QListViewPrivate&, QWidget*) (in /opt/Qt/6.9.0/gcc_64/lib/libQt6Widgets.so.6.9.0)
==165428==    by 0x4D318B3: QListWidget::QListWidget(QWidget*) (in /opt/Qt/6.9.0/gcc_64/lib/libQt6Widgets.so.6.9.0)
==165428==    by 0x24B916: PolicyPage::PolicyPage(QWidget*) (PolicyPage.cpp:155)
==165428==    by 0x2433A9: CdsGuardMainWindow::CdsGuardMainWindow(QWidget*) (MainWindow.cpp:27)
==165428==    by 0x29955E: main (main.cpp:198)
==165428== 
==165428== 160 bytes in 1 blocks are possibly lost in loss record 8,993 of 11,113
==165428==    at 0x4846828: malloc (in /usr/libexec/valgrind/vgpreload_memcheck-amd64-linux.so)
==165428==    by 0x65F79C9: ??? (in /opt/Qt/6.9.0/gcc_64/lib/libQt6Core.so.6.9.0)
==165428==    by 0x65F8410: QObject::connect(QObject const*, char const*, QObject const*, char const*, Qt::ConnectionType) (in /opt/Qt/6.9.0/gcc_64/lib/libQt6Core.so.6.9.0)
==165428==    by 0x4ADDB1D: ??? (in /opt/Qt/6.9.0/gcc_64/lib/libQt6Widgets.so.6.9.0)
==165428==    by 0x4CCF40C: QAbstractItemView::QAbstractItemView(QAbstractItemViewPrivate&, QWidget*) (in /opt/Qt/6.9.0/gcc_64/lib/libQt6Widgets.so.6.9.0)
==165428==    by 0x4D17DF0: QListView::QListView(QWidget*) (in /opt/Qt/6.9.0/gcc_64/lib/libQt6Widgets.so.6.9.0)
==165428==    by 0x4B36DC2: ??? (in /opt/Qt/6.9.0/gcc_64/lib/libQt6Widgets.so.6.9.0)
==165428==    by 0x4B374C0: QComboBox::view() const (in /opt/Qt/6.9.0/gcc_64/lib/libQt6Widgets.so.6.9.0)
==165428==    by 0x4B384C0: ??? (in /opt/Qt/6.9.0/gcc_64/lib/libQt6Widgets.so.6.9.0)
==165428==    by 0x4B38BC1: QComboBox::setCurrentIndex(int) (in /opt/Qt/6.9.0/gcc_64/lib/libQt6Widgets.so.6.9.0)
==165428==    by 0x6602D37: ??? (in /opt/Qt/6.9.0/gcc_64/lib/libQt6Core.so.6.9.0)
==165428==    by 0x68095E1: QAbstractItemModel::rowsInserted(QModelIndex const&, int, int, QAbstractItemModel::QPrivateSignal) (in /opt/Qt/6.9.0/gcc_64/lib/libQt6Core.so.6.9.0)
==165428== 
==165428== 160 bytes in 1 blocks are possibly lost in loss record 8,994 of 11,113
==165428==    at 0x4846828: malloc (in /usr/libexec/valgrind/vgpreload_memcheck-amd64-linux.so)
==165428==    by 0x6601534: ??? (in /opt/Qt/6.9.0/gcc_64/lib/libQt6Core.so.6.9.0)
==165428==    by 0x65F9007: QObjectPrivate::connectImpl(QObject const*, int, QObject const*, void**, QtPrivate::QSlotObjectBase*, int, int const*, QMetaObject const*) (in /opt/Qt/6.9.0/gcc_64/lib/libQt6Core.so.6.9.0)
==165428==    by 0x65F948A: QObject::connectImpl(QObject const*, void**, QObject const*, void**, QtPrivate::QSlotObjectBase*, Qt::ConnectionType, int const*, QMetaObject const*) (in /opt/Qt/6.9.0/gcc_64/lib/libQt6Core.so.6.9.0)
==165428==    by 0x4B36FA1: ??? (in /opt/Qt/6.9.0/gcc_64/lib/libQt6Widgets.so.6.9.0)
==165428==    by 0x4B374C0: QComboBox::view() const (in /opt/Qt/6.9.0/gcc_64/lib/libQt6Widgets.so.6.9.0)
==165428==    by 0x4B384C0: ??? (in /opt/Qt/6.9.0/gcc_64/lib/libQt6Widgets.so.6.9.0)
==165428==    by 0x4B38BC1: QComboBox::setCurrentIndex(int) (in /opt/Qt/6.9.0/gcc_64/lib/libQt6Widgets.so.6.9.0)
==165428==    by 0x6602D37: ??? (in /opt/Qt/6.9.0/gcc_64/lib/libQt6Core.so.6.9.0)
==165428==    by 0x68095E1: QAbstractItemModel::rowsInserted(QModelIndex const&, int, int, QAbstractItemModel::QPrivateSignal) (in /opt/Qt/6.9.0/gcc_64/lib/libQt6Core.so.6.9.0)
==165428==    by 0x6816CB8: QAbstractItemModel::endInsertRows() (in /opt/Qt/6.9.0/gcc_64/lib/libQt6Core.so.6.9.0)
==165428==    by 0x5D56A3B: ??? (in /opt/Qt/6.9.0/gcc_64/lib/libQt6Gui.so.6.9.0)
==165428== 
==165428== 160 bytes in 1 blocks are possibly lost in loss record 8,995 of 11,113
==165428==    at 0x4846828: malloc (in /usr/libexec/valgrind/vgpreload_memcheck-amd64-linux.so)
==165428==    by 0x6601534: ??? (in /opt/Qt/6.9.0/gcc_64/lib/libQt6Core.so.6.9.0)
==165428==    by 0x65F9007: QObjectPrivate::connectImpl(QObject const*, int, QObject const*, void**, QtPrivate::QSlotObjectBase*, int, int const*, QMetaObject const*) (in /opt/Qt/6.9.0/gcc_64/lib/libQt6Core.so.6.9.0)
==165428==    by 0x65F948A: QObject::connectImpl(QObject const*, void**, QObject const*, void**, QtPrivate::QSlotObjectBase*, Qt::ConnectionType, int const*, QMetaObject const*) (in /opt/Qt/6.9.0/gcc_64/lib/libQt6Core.so.6.9.0)
==165428==    by 0x5DB162E: QAccessibleCache::insert(QObject*, QAccessibleInterface*) const (in /opt/Qt/6.9.0/gcc_64/lib/libQt6Gui.so.6.9.0)
==165428==    by 0x5DA940B: QAccessible::queryAccessibleInterface(QObject*) (in /opt/Qt/6.9.0/gcc_64/lib/libQt6Gui.so.6.9.0)
==165428==    by 0x5DAC410: QAccessibleEvent::accessibleInterface() const (in /opt/Qt/6.9.0/gcc_64/lib/libQt6Gui.so.6.9.0)
==165428==    by 0x5DA5D90: QAccessible::updateAccessibility(QAccessibleEvent*) (in /opt/Qt/6.9.0/gcc_64/lib/libQt6Gui.so.6.9.0)
==165428==    by 0x4B35AB5: ??? (in /opt/Qt/6.9.0/gcc_64/lib/libQt6Widgets.so.6.9.0)
==165428==    by 0x4B38537: ??? (in /opt/Qt/6.9.0/gcc_64/lib/libQt6Widgets.so.6.9.0)
==165428==    by 0x4B38BC1: QComboBox::setCurrentIndex(int) (in /opt/Qt/6.9.0/gcc_64/lib/libQt6Widgets.so.6.9.0)
==165428==    by 0x6602D37: ??? (in /opt/Qt/6.9.0/gcc_64/lib/libQt6Core.so.6.9.0)
==165428== 
==165428== 160 bytes in 1 blocks are possibly lost in loss record 8,996 of 11,113
==165428==    at 0x4846828: malloc (in /usr/libexec/valgrind/vgpreload_memcheck-amd64-linux.so)
==165428==    by 0x6601534: ??? (in /opt/Qt/6.9.0/gcc_64/lib/libQt6Core.so.6.9.0)
==165428==    by 0x65F9007: QObjectPrivate::connectImpl(QObject const*, int, QObject const*, void**, QtPrivate::QSlotObjectBase*, int, int const*, QMetaObject const*) (in /opt/Qt/6.9.0/gcc_64/lib/libQt6Core.so.6.9.0)
==165428==    by 0x65F948A: QObject::connectImpl(QObject const*, void**, QObject const*, void**, QtPrivate::QSlotObjectBase*, Qt::ConnectionType, int const*, QMetaObject const*) (in /opt/Qt/6.9.0/gcc_64/lib/libQt6Core.so.6.9.0)
==165428==    by 0x5DB162E: QAccessibleCache::insert(QObject*, QAccessibleInterface*) const (in /opt/Qt/6.9.0/gcc_64/lib/libQt6Gui.so.6.9.0)
==165428==    by 0x5DA940B: QAccessible::queryAccessibleInterface(QObject*) (in /opt/Qt/6.9.0/gcc_64/lib/libQt6Gui.so.6.9.0)
==165428==    by 0x5DAC410: QAccessibleEvent::accessibleInterface() const (in /opt/Qt/6.9.0/gcc_64/lib/libQt6Gui.so.6.9.0)
==165428==    by 0x5DA5D90: QAccessible::updateAccessibility(QAccessibleEvent*) (in /opt/Qt/6.9.0/gcc_64/lib/libQt6Gui.so.6.9.0)
==165428==    by 0x4B18411: QAbstractButton::setText(QString const&) (in /opt/Qt/6.9.0/gcc_64/lib/libQt6Widgets.so.6.9.0)
==165428==    by 0x24CC2C: PolicyPage::PolicyPage(QWidget*) (PolicyPage.cpp:311)
==165428==    by 0x2433A9: CdsGuardMainWindow::CdsGuardMainWindow(QWidget*) (MainWindow.cpp:27)
==165428==    by 0x29955E: main (main.cpp:198)
==165428== 
==165428== 160 bytes in 1 blocks are possibly lost in loss record 8,997 of 11,113
==165428==    at 0x4846828: malloc (in /usr/libexec/valgrind/vgpreload_memcheck-amd64-linux.so)
==165428==    by 0x6601534: ??? (in /opt/Qt/6.9.0/gcc_64/lib/libQt6Core.so.6.9.0)
==165428==    by 0x65F9007: QObjectPrivate::connectImpl(QObject const*, int, QObject const*, void**, QtPrivate::QSlotObjectBase*, int, int const*, QMetaObject const*) (in /opt/Qt/6.9.0/gcc_64/lib/libQt6Core.so.6.9.0)
==165428==    by 0x65F948A: QObject::connectImpl(QObject const*, void**, QObject const*, void**, QtPrivate::QSlotObjectBase*, Qt::ConnectionType, int const*, QMetaObject const*) (in /opt/Qt/6.9.0/gcc_64/lib/libQt6Core.so.6.9.0)
==165428==    by 0x5DB162E: QAccessibleCache::insert(QObject*, QAccessibleInterface*) const (in /opt/Qt/6.9.0/gcc_64/lib/libQt6Gui.so.6.9.0)
==165428==    by 0x5DA940B: QAccessible::queryAccessibleInterface(QObject*) (in /opt/Qt/6.9.0/gcc_64/lib/libQt6Gui.so.6.9.0)
==165428==    by 0x5DAC410: QAccessibleEvent::accessibleInterface() const (in /opt/Qt/6.9.0/gcc_64/lib/libQt6Gui.so.6.9.0)
==165428==    by 0x5DA5D90: QAccessible::updateAccessibility(QAccessibleEvent*) (in /opt/Qt/6.9.0/gcc_64/lib/libQt6Gui.so.6.9.0)
==165428==    by 0x4B18411: QAbstractButton::setText(QString const&) (in /opt/Qt/6.9.0/gcc_64/lib/libQt6Widgets.so.6.9.0)
==165428==    by 0x24CCF4: PolicyPage::PolicyPage(QWidget*) (PolicyPage.cpp:315)
==165428==    by 0x2433A9: CdsGuardMainWindow::CdsGuardMainWindow(QWidget*) (MainWindow.cpp:27)
==165428==    by 0x29955E: main (main.cpp:198)
==165428== 
==165428== 160 bytes in 1 blocks are possibly lost in loss record 8,998 of 11,113
==165428==    at 0x4846828: malloc (in /usr/libexec/valgrind/vgpreload_memcheck-amd64-linux.so)
==165428==    by 0x6601534: ??? (in /opt/Qt/6.9.0/gcc_64/lib/libQt6Core.so.6.9.0)
==165428==    by 0x65F9007: QObjectPrivate::connectImpl(QObject const*, int, QObject const*, void**, QtPrivate::QSlotObjectBase*, int, int const*, QMetaObject const*) (in /opt/Qt/6.9.0/gcc_64/lib/libQt6Core.so.6.9.0)
==165428==    by 0x65F948A: QObject::connectImpl(QObject const*, void**, QObject const*, void**, QtPrivate::QSlotObjectBase*, Qt::ConnectionType, int const*, QMetaObject const*) (in /opt/Qt/6.9.0/gcc_64/lib/libQt6Core.so.6.9.0)
==165428==    by 0x5DB162E: QAccessibleCache::insert(QObject*, QAccessibleInterface*) const (in /opt/Qt/6.9.0/gcc_64/lib/libQt6Gui.so.6.9.0)
==165428==    by 0x5DA940B: QAccessible::queryAccessibleInterface(QObject*) (in /opt/Qt/6.9.0/gcc_64/lib/libQt6Gui.so.6.9.0)
==165428==    by 0x5DAC410: QAccessibleEvent::accessibleInterface() const (in /opt/Qt/6.9.0/gcc_64/lib/libQt6Gui.so.6.9.0)
==165428==    by 0x5DA5D90: QAccessible::updateAccessibility(QAccessibleEvent*) (in /opt/Qt/6.9.0/gcc_64/lib/libQt6Gui.so.6.9.0)
==165428==    by 0x4B18411: QAbstractButton::setText(QString const&) (in /opt/Qt/6.9.0/gcc_64/lib/libQt6Widgets.so.6.9.0)
==165428==    by 0x24D964: PolicyPage::PolicyPage(QWidget*) (PolicyPage.cpp:390)
==165428==    by 0x2433A9: CdsGuardMainWindow::CdsGuardMainWindow(QWidget*) (MainWindow.cpp:27)
==165428==    by 0x29955E: main (main.cpp:198)
==165428== 
==165428== 160 bytes in 1 blocks are possibly lost in loss record 8,999 of 11,113
==165428==    at 0x4846828: malloc (in /usr/libexec/valgrind/vgpreload_memcheck-amd64-linux.so)
==165428==    by 0x6601534: ??? (in /opt/Qt/6.9.0/gcc_64/lib/libQt6Core.so.6.9.0)
==165428==    by 0x65F9007: QObjectPrivate::connectImpl(QObject const*, int, QObject const*, void**, QtPrivate::QSlotObjectBase*, int, int const*, QMetaObject const*) (in /opt/Qt/6.9.0/gcc_64/lib/libQt6Core.so.6.9.0)
==165428==    by 0x65F948A: QObject::connectImpl(QObject const*, void**, QObject const*, void**, QtPrivate::QSlotObjectBase*, Qt::ConnectionType, int const*, QMetaObject const*) (in /opt/Qt/6.9.0/gcc_64/lib/libQt6Core.so.6.9.0)
==165428==    by 0x5DB162E: QAccessibleCache::insert(QObject*, QAccessibleInterface*) const (in /opt/Qt/6.9.0/gcc_64/lib/libQt6Gui.so.6.9.0)
==165428==    by 0x5DA940B: QAccessible::queryAccessibleInterface(QObject*) (in /opt/Qt/6.9.0/gcc_64/lib/libQt6Gui.so.6.9.0)
==165428==    by 0x5DAC410: QAccessibleEvent::accessibleInterface() const (in /opt/Qt/6.9.0/gcc_64/lib/libQt6Gui.so.6.9.0)
==165428==    by 0x5DA5D90: QAccessible::updateAccessibility(QAccessibleEvent*) (in /opt/Qt/6.9.0/gcc_64/lib/libQt6Gui.so.6.9.0)
==165428==    by 0x4B18411: QAbstractButton::setText(QString const&) (in /opt/Qt/6.9.0/gcc_64/lib/libQt6Widgets.so.6.9.0)
==165428==    by 0x24E146: PolicyPage::PolicyPage(QWidget*) (PolicyPage.cpp:460)
==165428==    by 0x2433A9: CdsGuardMainWindow::CdsGuardMainWindow(QWidget*) (MainWindow.cpp:27)
==165428==    by 0x29955E: main (main.cpp:198)
==165428== 
==165428== 160 bytes in 1 blocks are possibly lost in loss record 9,000 of 11,113
==165428==    at 0x4846828: malloc (in /usr/libexec/valgrind/vgpreload_memcheck-amd64-linux.so)
==165428==    by 0x65F79C9: ??? (in /opt/Qt/6.9.0/gcc_64/lib/libQt6Core.so.6.9.0)
==165428==    by 0x65F8410: QObject::connect(QObject const*, char const*, QObject const*, char const*, Qt::ConnectionType) (in /opt/Qt/6.9.0/gcc_64/lib/libQt6Core.so.6.9.0)
==165428==    by 0x4ADDA4E: ??? (in /opt/Qt/6.9.0/gcc_64/lib/libQt6Widgets.so.6.9.0)
==165428==    by 0x4CCF40C: QAbstractItemView::QAbstractItemView(QAbstractItemViewPrivate&, QWidget*) (in /opt/Qt/6.9.0/gcc_64/lib/libQt6Widgets.so.6.9.0)
==165428==    by 0x4D1763C: QListView::QListView(QListViewPrivate&, QWidget*) (in /opt/Qt/6.9.0/gcc_64/lib/libQt6Widgets.so.6.9.0)
==165428==    by 0x4D318B3: QListWidget::QListWidget(QWidget*) (in /opt/Qt/6.9.0/gcc_64/lib/libQt6Widgets.so.6.9.0)
==165428==    by 0x24E2FD: PolicyPage::PolicyPage(QWidget*) (PolicyPage.cpp:470)
==165428==    by 0x2433A9: CdsGuardMainWindow::CdsGuardMainWindow(QWidget*) (MainWindow.cpp:27)
==165428==    by 0x29955E: main (main.cpp:198)
==165428== 
==165428== 160 bytes in 1 blocks are possibly lost in loss record 9,001 of 11,113
==165428==    at 0x4846828: malloc (in /usr/libexec/valgrind/vgpreload_memcheck-amd64-linux.so)
==165428==    by 0x65F79C9: ??? (in /opt/Qt/6.9.0/gcc_64/lib/libQt6Core.so.6.9.0)
==165428==    by 0x65F8410: QObject::connect(QObject const*, char const*, QObject const*, char const*, Qt::ConnectionType) (in /opt/Qt/6.9.0/gcc_64/lib/libQt6Core.so.6.9.0)
==165428==    by 0x4ADDB1D: ??? (in /opt/Qt/6.9.0/gcc_64/lib/libQt6Widgets.so.6.9.0)
==165428==    by 0x4CCF40C: QAbstractItemView::QAbstractItemView(QAbstractItemViewPrivate&, QWidget*) (in /opt/Qt/6.9.0/gcc_64/lib/libQt6Widgets.so.6.9.0)
==165428==    by 0x4D1763C: QListView::QListView(QListViewPrivate&, QWidget*) (in /opt/Qt/6.9.0/gcc_64/lib/libQt6Widgets.so.6.9.0)
==165428==    by 0x4D318B3: QListWidget::QListWidget(QWidget*) (in /opt/Qt/6.9.0/gcc_64/lib/libQt6Widgets.so.6.9.0)
==165428==    by 0x24E2FD: PolicyPage::PolicyPage(QWidget*) (PolicyPage.cpp:470)
==165428==    by 0x2433A9: CdsGuardMainWindow::CdsGuardMainWindow(QWidget*) (MainWindow.cpp:27)
==165428==    by 0x29955E: main (main.cpp:198)
==165428== 
==165428== 160 bytes in 1 blocks are possibly lost in loss record 9,002 of 11,113
==165428==    at 0x4846828: malloc (in /usr/libexec/valgrind/vgpreload_memcheck-amd64-linux.so)
==165428==    by 0x6601534: ??? (in /opt/Qt/6.9.0/gcc_64/lib/libQt6Core.so.6.9.0)
==165428==    by 0x65F9007: QObjectPrivate::connectImpl(QObject const*, int, QObject const*, void**, QtPrivate::QSlotObjectBase*, int, int const*, QMetaObject const*) (in /opt/Qt/6.9.0/gcc_64/lib/libQt6Core.so.6.9.0)
==165428==    by 0x65F948A: QObject::connectImpl(QObject const*, void**, QObject const*, void**, QtPrivate::QSlotObjectBase*, Qt::ConnectionType, int const*, QMetaObject const*) (in /opt/Qt/6.9.0/gcc_64/lib/libQt6Core.so.6.9.0)
==165428==    by 0x4D31415: ??? (in /opt/Qt/6.9.0/gcc_64/lib/libQt6Widgets.so.6.9.0)
==165428==    by 0x24E2FD: PolicyPage::PolicyPage(QWidget*) (PolicyPage.cpp:470)
==165428==    by 0x2433A9: CdsGuardMainWindow::CdsGuardMainWindow(QWidget*) (MainWindow.cpp:27)
==165428==    by 0x29955E: main (main.cpp:198)
==165428== 
==165428== 160 bytes in 1 blocks are possibly lost in loss record 9,003 of 11,113
==165428==    at 0x4846828: malloc (in /usr/libexec/valgrind/vgpreload_memcheck-amd64-linux.so)
==165428==    by 0x6601534: ??? (in /opt/Qt/6.9.0/gcc_64/lib/libQt6Core.so.6.9.0)
==165428==    by 0x65F9007: QObjectPrivate::connectImpl(QObject const*, int, QObject const*, void**, QtPrivate::QSlotObjectBase*, int, int const*, QMetaObject const*) (in /opt/Qt/6.9.0/gcc_64/lib/libQt6Core.so.6.9.0)
==165428==    by 0x65F948A: QObject::connectImpl(QObject const*, void**, QObject const*, void**, QtPrivate::QSlotObjectBase*, Qt::ConnectionType, int const*, QMetaObject const*) (in /opt/Qt/6.9.0/gcc_64/lib/libQt6Core.so.6.9.0)
==165428==    by 0x4C3EFB8: ??? (in /opt/Qt/6.9.0/gcc_64/lib/libQt6Widgets.so.6.9.0)
==165428==    by 0x24E69D: PolicyPage::PolicyPage(QWidget*) (PolicyPage.cpp:515)
==165428==    by 0x2433A9: CdsGuardMainWindow::CdsGuardMainWindow(QWidget*) (MainWindow.cpp:27)
==165428==    by 0x29955E: main (main.cpp:198)
==165428== 
==165428== 160 bytes in 1 blocks are possibly lost in loss record 9,004 of 11,113
==165428==    at 0x4846828: malloc (in /usr/libexec/valgrind/vgpreload_memcheck-amd64-linux.so)
==165428==    by 0x6601534: ??? (in /opt/Qt/6.9.0/gcc_64/lib/libQt6Core.so.6.9.0)
==165428==    by 0x65F9007: QObjectPrivate::connectImpl(QObject const*, int, QObject const*, void**, QtPrivate::QSlotObjectBase*, int, int const*, QMetaObject const*) (in /opt/Qt/6.9.0/gcc_64/lib/libQt6Core.so.6.9.0)
==165428==    by 0x65F948A: QObject::connectImpl(QObject const*, void**, QObject const*, void**, QtPrivate::QSlotObjectBase*, Qt::ConnectionType, int const*, QMetaObject const*) (in /opt/Qt/6.9.0/gcc_64/lib/libQt6Core.so.6.9.0)
==165428==    by 0x4B893A7: ??? (in /opt/Qt/6.9.0/gcc_64/lib/libQt6Widgets.so.6.9.0)
==165428==    by 0x4B8173C: QLineEdit::QLineEdit(QWidget*) (in /opt/Qt/6.9.0/gcc_64/lib/libQt6Widgets.so.6.9.0)
==165428==    by 0x24E90F: PolicyPage::PolicyPage(QWidget*) (PolicyPage.cpp:534)
==165428==    by 0x2433A9: CdsGuardMainWindow::CdsGuardMainWindow(QWidget*) (MainWindow.cpp:27)
==165428==    by 0x29955E: main (main.cpp:198)
==165428== 
==165428== 160 bytes in 1 blocks are possibly lost in loss record 9,005 of 11,113
==165428==    at 0x4846828: malloc (in /usr/libexec/valgrind/vgpreload_memcheck-amd64-linux.so)
==165428==    by 0x6601380: ??? (in /opt/Qt/6.9.0/gcc_64/lib/libQt6Core.so.6.9.0)
==165428==    by 0x65F9007: QObjectPrivate::connectImpl(QObject const*, int, QObject const*, void**, QtPrivate::QSlotObjectBase*, int, int const*, QMetaObject const*) (in /opt/Qt/6.9.0/gcc_64/lib/libQt6Core.so.6.9.0)
==165428==    by 0x65F948A: QObject::connectImpl(QObject const*, void**, QObject const*, void**, QtPrivate::QSlotObjectBase*, Qt::ConnectionType, int const*, QMetaObject const*) (in /opt/Qt/6.9.0/gcc_64/lib/libQt6Core.so.6.9.0)
==165428==    by 0x4B8943A: ??? (in /opt/Qt/6.9.0/gcc_64/lib/libQt6Widgets.so.6.9.0)
==165428==    by 0x4B8173C: QLineEdit::QLineEdit(QWidget*) (in /opt/Qt/6.9.0/gcc_64/lib/libQt6Widgets.so.6.9.0)
==165428==    by 0x24E90F: PolicyPage::PolicyPage(QWidget*) (PolicyPage.cpp:534)
==165428==    by 0x2433A9: CdsGuardMainWindow::CdsGuardMainWindow(QWidget*) (MainWindow.cpp:27)
==165428==    by 0x29955E: main (main.cpp:198)
==165428== 
==165428== 160 bytes in 1 blocks are possibly lost in loss record 9,006 of 11,113
==165428==    at 0x4846828: malloc (in /usr/libexec/valgrind/vgpreload_memcheck-amd64-linux.so)
==165428==    by 0x6601534: ??? (in /opt/Qt/6.9.0/gcc_64/lib/libQt6Core.so.6.9.0)
==165428==    by 0x65F9007: QObjectPrivate::connectImpl(QObject const*, int, QObject const*, void**, QtPrivate::QSlotObjectBase*, int, int const*, QMetaObject const*) (in /opt/Qt/6.9.0/gcc_64/lib/libQt6Core.so.6.9.0)
==165428==    by 0x65F948A: QObject::connectImpl(QObject const*, void**, QObject const*, void**, QtPrivate::QSlotObjectBase*, Qt::ConnectionType, int const*, QMetaObject const*) (in /opt/Qt/6.9.0/gcc_64/lib/libQt6Core.so.6.9.0)
==165428==    by 0x4BF3B45: QAbstractSpinBox::setLineEdit(QLineEdit*) (in /opt/Qt/6.9.0/gcc_64/lib/libQt6Widgets.so.6.9.0)
==165428==    by 0x4BF4265: ??? (in /opt/Qt/6.9.0/gcc_64/lib/libQt6Widgets.so.6.9.0)
==165428==    by 0x4BFACB0: QSpinBox::QSpinBox(QWidget*) (in /opt/Qt/6.9.0/gcc_64/lib/libQt6Widgets.so.6.9.0)
==165428==    by 0x24E9B9: PolicyPage::PolicyPage(QWidget*) (PolicyPage.cpp:537)
==165428==    by 0x2433A9: CdsGuardMainWindow::CdsGuardMainWindow(QWidget*) (MainWindow.cpp:27)
==165428==    by 0x29955E: main (main.cpp:198)
==165428== 
==165428== 160 bytes in 1 blocks are possibly lost in loss record 9,007 of 11,113
==165428==    at 0x4846828: malloc (in /usr/libexec/valgrind/vgpreload_memcheck-amd64-linux.so)
==165428==    by 0x6601534: ??? (in /opt/Qt/6.9.0/gcc_64/lib/libQt6Core.so.6.9.0)
==165428==    by 0x65F9007: QObjectPrivate::connectImpl(QObject const*, int, QObject const*, void**, QtPrivate::QSlotObjectBase*, int, int const*, QMetaObject const*) (in /opt/Qt/6.9.0/gcc_64/lib/libQt6Core.so.6.9.0)
==165428==    by 0x65F948A: QObject::connectImpl(QObject const*, void**, QObject const*, void**, QtPrivate::QSlotObjectBase*, Qt::ConnectionType, int const*, QMetaObject const*) (in /opt/Qt/6.9.0/gcc_64/lib/libQt6Core.so.6.9.0)
==165428==    by 0x5DB162E: QAccessibleCache::insert(QObject*, QAccessibleInterface*) const (in /opt/Qt/6.9.0/gcc_64/lib/libQt6Gui.so.6.9.0)
==165428==    by 0x5DA940B: QAccessible::queryAccessibleInterface(QObject*) (in /opt/Qt/6.9.0/gcc_64/lib/libQt6Gui.so.6.9.0)
==165428==    by 0x5DAC410: QAccessibleEvent::accessibleInterface() const (in /opt/Qt/6.9.0/gcc_64/lib/libQt6Gui.so.6.9.0)
==165428==    by 0x5DA5D90: QAccessible::updateAccessibility(QAccessibleEvent*) (in /opt/Qt/6.9.0/gcc_64/lib/libQt6Gui.so.6.9.0)
==165428==    by 0x4B18411: QAbstractButton::setText(QString const&) (in /opt/Qt/6.9.0/gcc_64/lib/libQt6Widgets.so.6.9.0)
==165428==    by 0x24EA3E: PolicyPage::PolicyPage(QWidget*) (PolicyPage.cpp:541)
==165428==    by 0x2433A9: CdsGuardMainWindow::CdsGuardMainWindow(QWidget*) (MainWindow.cpp:27)
==165428==    by 0x29955E: main (main.cpp:198)
==165428== 
==165428== 160 bytes in 1 blocks are possibly lost in loss record 9,008 of 11,113
==165428==    at 0x4846828: malloc (in /usr/libexec/valgrind/vgpreload_memcheck-amd64-linux.so)
==165428==    by 0x6601534: ??? (in /opt/Qt/6.9.0/gcc_64/lib/libQt6Core.so.6.9.0)
==165428==    by 0x65F9007: QObjectPrivate::connectImpl(QObject const*, int, QObject const*, void**, QtPrivate::QSlotObjectBase*, int, int const*, QMetaObject const*) (in /opt/Qt/6.9.0/gcc_64/lib/libQt6Core.so.6.9.0)
==165428==    by 0x65F948A: QObject::connectImpl(QObject const*, void**, QObject const*, void**, QtPrivate::QSlotObjectBase*, Qt::ConnectionType, int const*, QMetaObject const*) (in /opt/Qt/6.9.0/gcc_64/lib/libQt6Core.so.6.9.0)
==165428==    by 0x5DB162E: QAccessibleCache::insert(QObject*, QAccessibleInterface*) const (in /opt/Qt/6.9.0/gcc_64/lib/libQt6Gui.so.6.9.0)
==165428==    by 0x5DA940B: QAccessible::queryAccessibleInterface(QObject*) (in /opt/Qt/6.9.0/gcc_64/lib/libQt6Gui.so.6.9.0)
==165428==    by 0x5DAC410: QAccessibleEvent::accessibleInterface() const (in /opt/Qt/6.9.0/gcc_64/lib/libQt6Gui.so.6.9.0)
==165428==    by 0x5DA5D90: QAccessible::updateAccessibility(QAccessibleEvent*) (in /opt/Qt/6.9.0/gcc_64/lib/libQt6Gui.so.6.9.0)
==165428==    by 0x4B18411: QAbstractButton::setText(QString const&) (in /opt/Qt/6.9.0/gcc_64/lib/libQt6Widgets.so.6.9.0)
==165428==    by 0x24EB4D: PolicyPage::PolicyPage(QWidget*) (PolicyPage.cpp:545)
==165428==    by 0x2433A9: CdsGuardMainWindow::CdsGuardMainWindow(QWidget*) (MainWindow.cpp:27)
==165428==    by 0x29955E: main (main.cpp:198)
==165428== 
==165428== 160 bytes in 1 blocks are possibly lost in loss record 9,009 of 11,113
==165428==    at 0x4846828: malloc (in /usr/libexec/valgrind/vgpreload_memcheck-amd64-linux.so)
==165428==    by 0x6601534: ??? (in /opt/Qt/6.9.0/gcc_64/lib/libQt6Core.so.6.9.0)
==165428==    by 0x65F9007: QObjectPrivate::connectImpl(QObject const*, int, QObject const*, void**, QtPrivate::QSlotObjectBase*, int, int const*, QMetaObject const*) (in /opt/Qt/6.9.0/gcc_64/lib/libQt6Core.so.6.9.0)
==165428==    by 0x65F948A: QObject::connectImpl(QObject const*, void**, QObject const*, void**, QtPrivate::QSlotObjectBase*, Qt::ConnectionType, int const*, QMetaObject const*) (in /opt/Qt/6.9.0/gcc_64/lib/libQt6Core.so.6.9.0)
==165428==    by 0x5DB162E: QAccessibleCache::insert(QObject*, QAccessibleInterface*) const (in /opt/Qt/6.9.0/gcc_64/lib/libQt6Gui.so.6.9.0)
==165428==    by 0x5DA940B: QAccessible::queryAccessibleInterface(QObject*) (in /opt/Qt/6.9.0/gcc_64/lib/libQt6Gui.so.6.9.0)
==165428==    by 0x5DAC410: QAccessibleEvent::accessibleInterface() const (in /opt/Qt/6.9.0/gcc_64/lib/libQt6Gui.so.6.9.0)
==165428==    by 0x5DA5D90: QAccessible::updateAccessibility(QAccessibleEvent*) (in /opt/Qt/6.9.0/gcc_64/lib/libQt6Gui.so.6.9.0)
==165428==    by 0x4B18411: QAbstractButton::setText(QString const&) (in /opt/Qt/6.9.0/gcc_64/lib/libQt6Widgets.so.6.9.0)
==165428==    by 0x2531B6: PolicyPage::update_page_buttons() (PolicyPage.cpp:991)
==165428==    by 0x250ABE: PolicyPage::refresh_prohibited_word_list_widget() (PolicyPage.cpp:653)
==165428==    by 0x2528F7: PolicyPage::load_patterns_from_file(std::filesystem::__cxx11::path const&) (PolicyPage.cpp:928)
==165428== 
==165428== 160 bytes in 1 blocks are possibly lost in loss record 9,010 of 11,113
==165428==    at 0x4846828: malloc (in /usr/libexec/valgrind/vgpreload_memcheck-amd64-linux.so)
==165428==    by 0x6601534: ??? (in /opt/Qt/6.9.0/gcc_64/lib/libQt6Core.so.6.9.0)
==165428==    by 0x65F9007: QObjectPrivate::connectImpl(QObject const*, int, QObject const*, void**, QtPrivate::QSlotObjectBase*, int, int const*, QMetaObject const*) (in /opt/Qt/6.9.0/gcc_64/lib/libQt6Core.so.6.9.0)
==165428==    by 0x65F948A: QObject::connectImpl(QObject const*, void**, QObject const*, void**, QtPrivate::QSlotObjectBase*, Qt::ConnectionType, int const*, QMetaObject const*) (in /opt/Qt/6.9.0/gcc_64/lib/libQt6Core.so.6.9.0)
==165428==    by 0x5DB162E: QAccessibleCache::insert(QObject*, QAccessibleInterface*) const (in /opt/Qt/6.9.0/gcc_64/lib/libQt6Gui.so.6.9.0)
==165428==    by 0x5DA940B: QAccessible::queryAccessibleInterface(QObject*) (in /opt/Qt/6.9.0/gcc_64/lib/libQt6Gui.so.6.9.0)
==165428==    by 0x5DAC410: QAccessibleEvent::accessibleInterface() const (in /opt/Qt/6.9.0/gcc_64/lib/libQt6Gui.so.6.9.0)
==165428==    by 0x5DA5D90: QAccessible::updateAccessibility(QAccessibleEvent*) (in /opt/Qt/6.9.0/gcc_64/lib/libQt6Gui.so.6.9.0)
==165428==    by 0x4B18411: QAbstractButton::setText(QString const&) (in /opt/Qt/6.9.0/gcc_64/lib/libQt6Widgets.so.6.9.0)
==165428==    by 0x2532FB: PolicyPage::update_page_buttons() (PolicyPage.cpp:1002)
==165428==    by 0x250ABE: PolicyPage::refresh_prohibited_word_list_widget() (PolicyPage.cpp:653)
==165428==    by 0x2528F7: PolicyPage::load_patterns_from_file(std::filesystem::__cxx11::path const&) (PolicyPage.cpp:928)
==165428== 
==165428== 160 bytes in 1 blocks are possibly lost in loss record 9,011 of 11,113
==165428==    at 0x4846828: malloc (in /usr/libexec/valgrind/vgpreload_memcheck-amd64-linux.so)
==165428==    by 0x6601534: ??? (in /opt/Qt/6.9.0/gcc_64/lib/libQt6Core.so.6.9.0)
==165428==    by 0x65F9007: QObjectPrivate::connectImpl(QObject const*, int, QObject const*, void**, QtPrivate::QSlotObjectBase*, int, int const*, QMetaObject const*) (in /opt/Qt/6.9.0/gcc_64/lib/libQt6Core.so.6.9.0)
==165428==    by 0x65F948A: QObject::connectImpl(QObject const*, void**, QObject const*, void**, QtPrivate::QSlotObjectBase*, Qt::ConnectionType, int const*, QMetaObject const*) (in /opt/Qt/6.9.0/gcc_64/lib/libQt6Core.so.6.9.0)
==165428==    by 0x5DB162E: QAccessibleCache::insert(QObject*, QAccessibleInterface*) const (in /opt/Qt/6.9.0/gcc_64/lib/libQt6Gui.so.6.9.0)
==165428==    by 0x5DA940B: QAccessible::queryAccessibleInterface(QObject*) (in /opt/Qt/6.9.0/gcc_64/lib/libQt6Gui.so.6.9.0)
==165428==    by 0x5DAC410: QAccessibleEvent::accessibleInterface() const (in /opt/Qt/6.9.0/gcc_64/lib/libQt6Gui.so.6.9.0)
==165428==    by 0x5DA5D90: QAccessible::updateAccessibility(QAccessibleEvent*) (in /opt/Qt/6.9.0/gcc_64/lib/libQt6Gui.so.6.9.0)
==165428==    by 0x4B18411: QAbstractButton::setText(QString const&) (in /opt/Qt/6.9.0/gcc_64/lib/libQt6Widgets.so.6.9.0)
==165428==    by 0x2534E4: PolicyPage::update_page_buttons() (PolicyPage.cpp:1021)
==165428==    by 0x250ABE: PolicyPage::refresh_prohibited_word_list_widget() (PolicyPage.cpp:653)
==165428==    by 0x2528F7: PolicyPage::load_patterns_from_file(std::filesystem::__cxx11::path const&) (PolicyPage.cpp:928)
==165428== 
==165428== 160 bytes in 1 blocks are possibly lost in loss record 9,012 of 11,113
==165428==    at 0x4846828: malloc (in /usr/libexec/valgrind/vgpreload_memcheck-amd64-linux.so)
==165428==    by 0x6601534: ??? (in /opt/Qt/6.9.0/gcc_64/lib/libQt6Core.so.6.9.0)
==165428==    by 0x65F9007: QObjectPrivate::connectImpl(QObject const*, int, QObject const*, void**, QtPrivate::QSlotObjectBase*, int, int const*, QMetaObject const*) (in /opt/Qt/6.9.0/gcc_64/lib/libQt6Core.so.6.9.0)
==165428==    by 0x65F948A: QObject::connectImpl(QObject const*, void**, QObject const*, void**, QtPrivate::QSlotObjectBase*, Qt::ConnectionType, int const*, QMetaObject const*) (in /opt/Qt/6.9.0/gcc_64/lib/libQt6Core.so.6.9.0)
==165428==    by 0x5DB162E: QAccessibleCache::insert(QObject*, QAccessibleInterface*) const (in /opt/Qt/6.9.0/gcc_64/lib/libQt6Gui.so.6.9.0)
==165428==    by 0x5DA940B: QAccessible::queryAccessibleInterface(QObject*) (in /opt/Qt/6.9.0/gcc_64/lib/libQt6Gui.so.6.9.0)
==165428==    by 0x5DAC410: QAccessibleEvent::accessibleInterface() const (in /opt/Qt/6.9.0/gcc_64/lib/libQt6Gui.so.6.9.0)
==165428==    by 0x5DA5D90: QAccessible::updateAccessibility(QAccessibleEvent*) (in /opt/Qt/6.9.0/gcc_64/lib/libQt6Gui.so.6.9.0)
==165428==    by 0x4B18411: QAbstractButton::setText(QString const&) (in /opt/Qt/6.9.0/gcc_64/lib/libQt6Widgets.so.6.9.0)
==165428==    by 0x25364E: PolicyPage::update_page_buttons() (PolicyPage.cpp:1037)
==165428==    by 0x250ABE: PolicyPage::refresh_prohibited_word_list_widget() (PolicyPage.cpp:653)
==165428==    by 0x2528F7: PolicyPage::load_patterns_from_file(std::filesystem::__cxx11::path const&) (PolicyPage.cpp:928)
==165428== 
==165428== 160 bytes in 1 blocks are possibly lost in loss record 9,013 of 11,113
==165428==    at 0x4846828: malloc (in /usr/libexec/valgrind/vgpreload_memcheck-amd64-linux.so)
==165428==    by 0x6601534: ??? (in /opt/Qt/6.9.0/gcc_64/lib/libQt6Core.so.6.9.0)
==165428==    by 0x65F9007: QObjectPrivate::connectImpl(QObject const*, int, QObject const*, void**, QtPrivate::QSlotObjectBase*, int, int const*, QMetaObject const*) (in /opt/Qt/6.9.0/gcc_64/lib/libQt6Core.so.6.9.0)
==165428==    by 0x65F948A: QObject::connectImpl(QObject const*, void**, QObject const*, void**, QtPrivate::QSlotObjectBase*, Qt::ConnectionType, int const*, QMetaObject const*) (in /opt/Qt/6.9.0/gcc_64/lib/libQt6Core.so.6.9.0)
==165428==    by 0x5DB162E: QAccessibleCache::insert(QObject*, QAccessibleInterface*) const (in /opt/Qt/6.9.0/gcc_64/lib/libQt6Gui.so.6.9.0)
==165428==    by 0x5DA940B: QAccessible::queryAccessibleInterface(QObject*) (in /opt/Qt/6.9.0/gcc_64/lib/libQt6Gui.so.6.9.0)
==165428==    by 0x5DAC410: QAccessibleEvent::accessibleInterface() const (in /opt/Qt/6.9.0/gcc_64/lib/libQt6Gui.so.6.9.0)
==165428==    by 0x5DA5D90: QAccessible::updateAccessibility(QAccessibleEvent*) (in /opt/Qt/6.9.0/gcc_64/lib/libQt6Gui.so.6.9.0)
==165428==    by 0x4B18411: QAbstractButton::setText(QString const&) (in /opt/Qt/6.9.0/gcc_64/lib/libQt6Widgets.so.6.9.0)
==165428==    by 0x2537A5: PolicyPage::update_page_buttons() (PolicyPage.cpp:1050)
==165428==    by 0x250ABE: PolicyPage::refresh_prohibited_word_list_widget() (PolicyPage.cpp:653)
==165428==    by 0x2528F7: PolicyPage::load_patterns_from_file(std::filesystem::__cxx11::path const&) (PolicyPage.cpp:928)
==165428== 
==165428== 160 bytes in 1 blocks are possibly lost in loss record 9,014 of 11,113
==165428==    at 0x4846828: malloc (in /usr/libexec/valgrind/vgpreload_memcheck-amd64-linux.so)
==165428==    by 0x6601534: ??? (in /opt/Qt/6.9.0/gcc_64/lib/libQt6Core.so.6.9.0)
==165428==    by 0x65F9007: QObjectPrivate::connectImpl(QObject const*, int, QObject const*, void**, QtPrivate::QSlotObjectBase*, int, int const*, QMetaObject const*) (in /opt/Qt/6.9.0/gcc_64/lib/libQt6Core.so.6.9.0)
==165428==    by 0x65F948A: QObject::connectImpl(QObject const*, void**, QObject const*, void**, QtPrivate::QSlotObjectBase*, Qt::ConnectionType, int const*, QMetaObject const*) (in /opt/Qt/6.9.0/gcc_64/lib/libQt6Core.so.6.9.0)
==165428==    by 0x5DB162E: QAccessibleCache::insert(QObject*, QAccessibleInterface*) const (in /opt/Qt/6.9.0/gcc_64/lib/libQt6Gui.so.6.9.0)
==165428==    by 0x5DA940B: QAccessible::queryAccessibleInterface(QObject*) (in /opt/Qt/6.9.0/gcc_64/lib/libQt6Gui.so.6.9.0)
==165428==    by 0x5DAC410: QAccessibleEvent::accessibleInterface() const (in /opt/Qt/6.9.0/gcc_64/lib/libQt6Gui.so.6.9.0)
==165428==    by 0x5DA5D90: QAccessible::updateAccessibility(QAccessibleEvent*) (in /opt/Qt/6.9.0/gcc_64/lib/libQt6Gui.so.6.9.0)
==165428==    by 0x4B18411: QAbstractButton::setText(QString const&) (in /opt/Qt/6.9.0/gcc_64/lib/libQt6Widgets.so.6.9.0)
==165428==    by 0x21DC51: LoggingPage::LoggingPage(QWidget*) (LoggingPage.cpp:49)
==165428==    by 0x2433DA: CdsGuardMainWindow::CdsGuardMainWindow(QWidget*) (MainWindow.cpp:28)
==165428==    by 0x29955E: main (main.cpp:198)
==165428== 
==165428== 160 bytes in 1 blocks are possibly lost in loss record 9,015 of 11,113
==165428==    at 0x4846828: malloc (in /usr/libexec/valgrind/vgpreload_memcheck-amd64-linux.so)
==165428==    by 0x6601534: ??? (in /opt/Qt/6.9.0/gcc_64/lib/libQt6Core.so.6.9.0)
==165428==    by 0x65F9007: QObjectPrivate::connectImpl(QObject const*, int, QObject const*, void**, QtPrivate::QSlotObjectBase*, int, int const*, QMetaObject const*) (in /opt/Qt/6.9.0/gcc_64/lib/libQt6Core.so.6.9.0)
==165428==    by 0x65F948A: QObject::connectImpl(QObject const*, void**, QObject const*, void**, QtPrivate::QSlotObjectBase*, Qt::ConnectionType, int const*, QMetaObject const*) (in /opt/Qt/6.9.0/gcc_64/lib/libQt6Core.so.6.9.0)
==165428==    by 0x5DB162E: QAccessibleCache::insert(QObject*, QAccessibleInterface*) const (in /opt/Qt/6.9.0/gcc_64/lib/libQt6Gui.so.6.9.0)
==165428==    by 0x5DA940B: QAccessible::queryAccessibleInterface(QObject*) (in /opt/Qt/6.9.0/gcc_64/lib/libQt6Gui.so.6.9.0)
==165428==    by 0x5DAC410: QAccessibleEvent::accessibleInterface() const (in /opt/Qt/6.9.0/gcc_64/lib/libQt6Gui.so.6.9.0)
==165428==    by 0x5DA5D90: QAccessible::updateAccessibility(QAccessibleEvent*) (in /opt/Qt/6.9.0/gcc_64/lib/libQt6Gui.so.6.9.0)
==165428==    by 0x4B18411: QAbstractButton::setText(QString const&) (in /opt/Qt/6.9.0/gcc_64/lib/libQt6Widgets.so.6.9.0)
==165428==    by 0x21DD21: LoggingPage::LoggingPage(QWidget*) (LoggingPage.cpp:54)
==165428==    by 0x2433DA: CdsGuardMainWindow::CdsGuardMainWindow(QWidget*) (MainWindow.cpp:28)
==165428==    by 0x29955E: main (main.cpp:198)
==165428== 
==165428== 160 bytes in 1 blocks are possibly lost in loss record 9,016 of 11,113
==165428==    at 0x4846828: malloc (in /usr/libexec/valgrind/vgpreload_memcheck-amd64-linux.so)
==165428==    by 0x6601534: ??? (in /opt/Qt/6.9.0/gcc_64/lib/libQt6Core.so.6.9.0)
==165428==    by 0x65F9007: QObjectPrivate::connectImpl(QObject const*, int, QObject const*, void**, QtPrivate::QSlotObjectBase*, int, int const*, QMetaObject const*) (in /opt/Qt/6.9.0/gcc_64/lib/libQt6Core.so.6.9.0)
==165428==    by 0x65F948A: QObject::connectImpl(QObject const*, void**, QObject const*, void**, QtPrivate::QSlotObjectBase*, Qt::ConnectionType, int const*, QMetaObject const*) (in /opt/Qt/6.9.0/gcc_64/lib/libQt6Core.so.6.9.0)
==165428==    by 0x5DB162E: QAccessibleCache::insert(QObject*, QAccessibleInterface*) const (in /opt/Qt/6.9.0/gcc_64/lib/libQt6Gui.so.6.9.0)
==165428==    by 0x5DA940B: QAccessible::queryAccessibleInterface(QObject*) (in /opt/Qt/6.9.0/gcc_64/lib/libQt6Gui.so.6.9.0)
==165428==    by 0x5DAC410: QAccessibleEvent::accessibleInterface() const (in /opt/Qt/6.9.0/gcc_64/lib/libQt6Gui.so.6.9.0)
==165428==    by 0x5DA5D90: QAccessible::updateAccessibility(QAccessibleEvent*) (in /opt/Qt/6.9.0/gcc_64/lib/libQt6Gui.so.6.9.0)
==165428==    by 0x4B18411: QAbstractButton::setText(QString const&) (in /opt/Qt/6.9.0/gcc_64/lib/libQt6Widgets.so.6.9.0)
==165428==    by 0x21DDF1: LoggingPage::LoggingPage(QWidget*) (LoggingPage.cpp:59)
==165428==    by 0x2433DA: CdsGuardMainWindow::CdsGuardMainWindow(QWidget*) (MainWindow.cpp:28)
==165428==    by 0x29955E: main (main.cpp:198)
==165428== 
==165428== 160 bytes in 1 blocks are possibly lost in loss record 9,017 of 11,113
==165428==    at 0x4846828: malloc (in /usr/libexec/valgrind/vgpreload_memcheck-amd64-linux.so)
==165428==    by 0x65F79C9: ??? (in /opt/Qt/6.9.0/gcc_64/lib/libQt6Core.so.6.9.0)
==165428==    by 0x65F8410: QObject::connect(QObject const*, char const*, QObject const*, char const*, Qt::ConnectionType) (in /opt/Qt/6.9.0/gcc_64/lib/libQt6Core.so.6.9.0)
==165428==    by 0x4ADDA4E: ??? (in /opt/Qt/6.9.0/gcc_64/lib/libQt6Widgets.so.6.9.0)
==165428==    by 0x4C154CF: QPlainTextEdit::QPlainTextEdit(QWidget*) (in /opt/Qt/6.9.0/gcc_64/lib/libQt6Widgets.so.6.9.0)
==165428==    by 0x21E0A1: LoggingPage::LoggingPage(QWidget*) (LoggingPage.cpp:73)
==165428==    by 0x2433DA: CdsGuardMainWindow::CdsGuardMainWindow(QWidget*) (MainWindow.cpp:28)
==165428==    by 0x29955E: main (main.cpp:198)
==165428== 
==165428== 160 bytes in 1 blocks are possibly lost in loss record 9,018 of 11,113
==165428==    at 0x4846828: malloc (in /usr/libexec/valgrind/vgpreload_memcheck-amd64-linux.so)
==165428==    by 0x65F79C9: ??? (in /opt/Qt/6.9.0/gcc_64/lib/libQt6Core.so.6.9.0)
==165428==    by 0x65F8410: QObject::connect(QObject const*, char const*, QObject const*, char const*, Qt::ConnectionType) (in /opt/Qt/6.9.0/gcc_64/lib/libQt6Core.so.6.9.0)
==165428==    by 0x4ADDB1D: ??? (in /opt/Qt/6.9.0/gcc_64/lib/libQt6Widgets.so.6.9.0)
==165428==    by 0x4C154CF: QPlainTextEdit::QPlainTextEdit(QWidget*) (in /opt/Qt/6.9.0/gcc_64/lib/libQt6Widgets.so.6.9.0)
==165428==    by 0x21E0A1: LoggingPage::LoggingPage(QWidget*) (LoggingPage.cpp:73)
==165428==    by 0x2433DA: CdsGuardMainWindow::CdsGuardMainWindow(QWidget*) (MainWindow.cpp:28)
==165428==    by 0x29955E: main (main.cpp:198)
==165428== 
==165428== 160 bytes in 1 blocks are possibly lost in loss record 9,019 of 11,113
==165428==    at 0x4846828: malloc (in /usr/libexec/valgrind/vgpreload_memcheck-amd64-linux.so)
==165428==    by 0x6601534: ??? (in /opt/Qt/6.9.0/gcc_64/lib/libQt6Core.so.6.9.0)
==165428==    by 0x65F9007: QObjectPrivate::connectImpl(QObject const*, int, QObject const*, void**, QtPrivate::QSlotObjectBase*, int, int const*, QMetaObject const*) (in /opt/Qt/6.9.0/gcc_64/lib/libQt6Core.so.6.9.0)
==165428==    by 0x65F948A: QObject::connectImpl(QObject const*, void**, QObject const*, void**, QtPrivate::QSlotObjectBase*, Qt::ConnectionType, int const*, QMetaObject const*) (in /opt/Qt/6.9.0/gcc_64/lib/libQt6Core.so.6.9.0)
==165428==    by 0x4C43E71: ??? (in /opt/Qt/6.9.0/gcc_64/lib/libQt6Widgets.so.6.9.0)
==165428==    by 0x4C444EC: QWidgetTextControl::setDocument(QTextDocument*) (in /opt/Qt/6.9.0/gcc_64/lib/libQt6Widgets.so.6.9.0)
==165428==    by 0x4C14AEA: ??? (in /opt/Qt/6.9.0/gcc_64/lib/libQt6Widgets.so.6.9.0)
==165428==    by 0x4C1550D: QPlainTextEdit::QPlainTextEdit(QWidget*) (in /opt/Qt/6.9.0/gcc_64/lib/libQt6Widgets.so.6.9.0)
==165428==    by 0x21E0A1: LoggingPage::LoggingPage(QWidget*) (LoggingPage.cpp:73)
==165428==    by 0x2433DA: CdsGuardMainWindow::CdsGuardMainWindow(QWidget*) (MainWindow.cpp:28)
==165428==    by 0x29955E: main (main.cpp:198)
==165428== 
==165428== 160 bytes in 1 blocks are possibly lost in loss record 9,020 of 11,113
==165428==    at 0x4846828: malloc (in /usr/libexec/valgrind/vgpreload_memcheck-amd64-linux.so)
==165428==    by 0x65F79C9: ??? (in /opt/Qt/6.9.0/gcc_64/lib/libQt6Core.so.6.9.0)
==165428==    by 0x65F8410: QObject::connect(QObject const*, char const*, QObject const*, char const*, Qt::ConnectionType) (in /opt/Qt/6.9.0/gcc_64/lib/libQt6Core.so.6.9.0)
==165428==    by 0x4ADDA4E: ??? (in /opt/Qt/6.9.0/gcc_64/lib/libQt6Widgets.so.6.9.0)
==165428==    by 0x4CCF40C: QAbstractItemView::QAbstractItemView(QAbstractItemViewPrivate&, QWidget*) (in /opt/Qt/6.9.0/gcc_64/lib/libQt6Widgets.so.6.9.0)
==165428==    by 0x4D1763C: QListView::QListView(QListViewPrivate&, QWidget*) (in /opt/Qt/6.9.0/gcc_64/lib/libQt6Widgets.so.6.9.0)
==165428==    by 0x4D318B3: QListWidget::QListWidget(QWidget*) (in /opt/Qt/6.9.0/gcc_64/lib/libQt6Widgets.so.6.9.0)
==165428==    by 0x24344D: CdsGuardMainWindow::CdsGuardMainWindow(QWidget*) (MainWindow.cpp:35)
==165428==    by 0x29955E: main (main.cpp:198)
==165428== 
==165428== 160 bytes in 1 blocks are possibly lost in loss record 9,021 of 11,113
==165428==    at 0x4846828: malloc (in /usr/libexec/valgrind/vgpreload_memcheck-amd64-linux.so)
==165428==    by 0x65F79C9: ??? (in /opt/Qt/6.9.0/gcc_64/lib/libQt6Core.so.6.9.0)
==165428==    by 0x65F8410: QObject::connect(QObject const*, char const*, QObject const*, char const*, Qt::ConnectionType) (in /opt/Qt/6.9.0/gcc_64/lib/libQt6Core.so.6.9.0)
==165428==    by 0x4ADDB1D: ??? (in /opt/Qt/6.9.0/gcc_64/lib/libQt6Widgets.so.6.9.0)
==165428==    by 0x4CCF40C: QAbstractItemView::QAbstractItemView(QAbstractItemViewPrivate&, QWidget*) (in /opt/Qt/6.9.0/gcc_64/lib/libQt6Widgets.so.6.9.0)
==165428==    by 0x4D1763C: QListView::QListView(QListViewPrivate&, QWidget*) (in /opt/Qt/6.9.0/gcc_64/lib/libQt6Widgets.so.6.9.0)
==165428==    by 0x4D318B3: QListWidget::QListWidget(QWidget*) (in /opt/Qt/6.9.0/gcc_64/lib/libQt6Widgets.so.6.9.0)
==165428==    by 0x24344D: CdsGuardMainWindow::CdsGuardMainWindow(QWidget*) (MainWindow.cpp:35)
==165428==    by 0x29955E: main (main.cpp:198)
==165428== 
==165428== 160 bytes in 1 blocks are possibly lost in loss record 9,022 of 11,113
==165428==    at 0x4846828: malloc (in /usr/libexec/valgrind/vgpreload_memcheck-amd64-linux.so)
==165428==    by 0x6601534: ??? (in /opt/Qt/6.9.0/gcc_64/lib/libQt6Core.so.6.9.0)
==165428==    by 0x65F9007: QObjectPrivate::connectImpl(QObject const*, int, QObject const*, void**, QtPrivate::QSlotObjectBase*, int, int const*, QMetaObject const*) (in /opt/Qt/6.9.0/gcc_64/lib/libQt6Core.so.6.9.0)
==165428==    by 0x65F948A: QObject::connectImpl(QObject const*, void**, QObject const*, void**, QtPrivate::QSlotObjectBase*, Qt::ConnectionType, int const*, QMetaObject const*) (in /opt/Qt/6.9.0/gcc_64/lib/libQt6Core.so.6.9.0)
==165428==    by 0x4D31415: ??? (in /opt/Qt/6.9.0/gcc_64/lib/libQt6Widgets.so.6.9.0)
==165428==    by 0x24344D: CdsGuardMainWindow::CdsGuardMainWindow(QWidget*) (MainWindow.cpp:35)
==165428==    by 0x29955E: main (main.cpp:198)
==165428== 
==165428== 288 bytes in 1 blocks are possibly lost in loss record 9,892 of 11,113
==165428==    at 0x4846828: malloc (in /usr/libexec/valgrind/vgpreload_memcheck-amd64-linux.so)
==165428==    by 0x6601380: ??? (in /opt/Qt/6.9.0/gcc_64/lib/libQt6Core.so.6.9.0)
==165428==    by 0x65F9007: QObjectPrivate::connectImpl(QObject const*, int, QObject const*, void**, QtPrivate::QSlotObjectBase*, int, int const*, QMetaObject const*) (in /opt/Qt/6.9.0/gcc_64/lib/libQt6Core.so.6.9.0)
==165428==    by 0x65F948A: QObject::connectImpl(QObject const*, void**, QObject const*, void**, QtPrivate::QSlotObjectBase*, Qt::ConnectionType, int const*, QMetaObject const*) (in /opt/Qt/6.9.0/gcc_64/lib/libQt6Core.so.6.9.0)
==165428==    by 0x4D31491: ??? (in /opt/Qt/6.9.0/gcc_64/lib/libQt6Widgets.so.6.9.0)
==165428==    by 0x24344D: CdsGuardMainWindow::CdsGuardMainWindow(QWidget*) (MainWindow.cpp:35)
==165428==    by 0x29955E: main (main.cpp:198)
==165428== 
==165428== 320 (256 direct, 64 indirect) bytes in 1 blocks are definitely lost in loss record 9,991 of 11,113
==165428==    at 0x4846828: malloc (in /usr/libexec/valgrind/vgpreload_memcheck-amd64-linux.so)
==165428==    by 0x9B2C7FC: ??? (in /usr/lib/x86_64-linux-gnu/libfontconfig.so.1.12.1)
==165428==    by 0x9B30ED8: ??? (in /usr/lib/x86_64-linux-gnu/libfontconfig.so.1.12.1)
==165428==    by 0x9B3F331: ??? (in /usr/lib/x86_64-linux-gnu/libfontconfig.so.1.12.1)
==165428==    by 0xF89DA6F: ??? (in /usr/lib/x86_64-linux-gnu/libexpat.so.1.9.1)
==165428==    by 0xF89E772: ??? (in /usr/lib/x86_64-linux-gnu/libexpat.so.1.9.1)
==165428==    by 0xF89F747: ??? (in /usr/lib/x86_64-linux-gnu/libexpat.so.1.9.1)
==165428==    by 0xF8A1F70: ??? (in /usr/lib/x86_64-linux-gnu/libexpat.so.1.9.1)
==165428==    by 0xF89746E: ??? (in /usr/lib/x86_64-linux-gnu/libexpat.so.1.9.1)
==165428==    by 0xF8A43CD: XML_ParseBuffer (in /usr/lib/x86_64-linux-gnu/libexpat.so.1.9.1)
==165428==    by 0x9B3983D: ??? (in /usr/lib/x86_64-linux-gnu/libfontconfig.so.1.12.1)
==165428==    by 0x9B3A22C: ??? (in /usr/lib/x86_64-linux-gnu/libfontconfig.so.1.12.1)
==165428== 
==165428== 560 bytes in 1 blocks are possibly lost in loss record 10,277 of 11,113
==165428==    at 0x484D953: calloc (in /usr/libexec/valgrind/vgpreload_memcheck-amd64-linux.so)
==165428==    by 0x40145AB: calloc (rtld-malloc.h:44)
==165428==    by 0x40145AB: allocate_dtv (dl-tls.c:370)
==165428==    by 0x40145AB: _dl_allocate_tls (dl-tls.c:629)
==165428==    by 0x781D616: allocate_stack (allocatestack.c:429)
==165428==    by 0x781D616: pthread_create@@GLIBC_2.34 (pthread_create.c:655)
==165428==    by 0x675101E: QThread::start(QThread::Priority) (in /opt/Qt/6.9.0/gcc_64/lib/libQt6Core.so.6.9.0)
==165428==    by 0x145672F9: QtWaylandClient::QWaylandDisplay::initEventThread() (in /opt/Qt/6.9.0/gcc_64/lib/libQt6WaylandClient.so.6.9.0)
==165428==    by 0x1458ABB3: QtWaylandClient::QWaylandIntegration::initializePlatform() (in /opt/Qt/6.9.0/gcc_64/lib/libQt6WaylandClient.so.6.9.0)
==165428==    by 0x1458ACB6: QtWaylandClient::QWaylandIntegration::initialize() (in /opt/Qt/6.9.0/gcc_64/lib/libQt6WaylandClient.so.6.9.0)
==165428==    by 0x65A6326: QCoreApplicationPrivate::init() (in /opt/Qt/6.9.0/gcc_64/lib/libQt6Core.so.6.9.0)
==165428==    by 0x599A3A7: QGuiApplicationPrivate::init() (in /opt/Qt/6.9.0/gcc_64/lib/libQt6Gui.so.6.9.0)
==165428==    by 0x49F266C: QApplicationPrivate::init() (in /opt/Qt/6.9.0/gcc_64/lib/libQt6Widgets.so.6.9.0)
==165428==    by 0x29954A: main (main.cpp:197)
==165428== 
==165428== 560 bytes in 1 blocks are possibly lost in loss record 10,278 of 11,113
==165428==    at 0x484D953: calloc (in /usr/libexec/valgrind/vgpreload_memcheck-amd64-linux.so)
==165428==    by 0x40145AB: calloc (rtld-malloc.h:44)
==165428==    by 0x40145AB: allocate_dtv (dl-tls.c:370)
==165428==    by 0x40145AB: _dl_allocate_tls (dl-tls.c:629)
==165428==    by 0x781D616: allocate_stack (allocatestack.c:429)
==165428==    by 0x781D616: pthread_create@@GLIBC_2.34 (pthread_create.c:655)
==165428==    by 0x675101E: QThread::start(QThread::Priority) (in /opt/Qt/6.9.0/gcc_64/lib/libQt6Core.so.6.9.0)
==165428==    by 0x1458ABB3: QtWaylandClient::QWaylandIntegration::initializePlatform() (in /opt/Qt/6.9.0/gcc_64/lib/libQt6WaylandClient.so.6.9.0)
==165428==    by 0x1458ACB6: QtWaylandClient::QWaylandIntegration::initialize() (in /opt/Qt/6.9.0/gcc_64/lib/libQt6WaylandClient.so.6.9.0)
==165428==    by 0x65A6326: QCoreApplicationPrivate::init() (in /opt/Qt/6.9.0/gcc_64/lib/libQt6Core.so.6.9.0)
==165428==    by 0x599A3A7: QGuiApplicationPrivate::init() (in /opt/Qt/6.9.0/gcc_64/lib/libQt6Gui.so.6.9.0)
==165428==    by 0x49F266C: QApplicationPrivate::init() (in /opt/Qt/6.9.0/gcc_64/lib/libQt6Widgets.so.6.9.0)
==165428==    by 0x29954A: main (main.cpp:197)
==165428== 
==165428== 560 bytes in 1 blocks are possibly lost in loss record 10,279 of 11,113
==165428==    at 0x484D953: calloc (in /usr/libexec/valgrind/vgpreload_memcheck-amd64-linux.so)
==165428==    by 0x40145AB: calloc (rtld-malloc.h:44)
==165428==    by 0x40145AB: allocate_dtv (dl-tls.c:370)
==165428==    by 0x40145AB: _dl_allocate_tls (dl-tls.c:629)
==165428==    by 0x781D616: allocate_stack (allocatestack.c:429)
==165428==    by 0x781D616: pthread_create@@GLIBC_2.34 (pthread_create.c:655)
==165428==    by 0x675101E: QThread::start(QThread::Priority) (in /opt/Qt/6.9.0/gcc_64/lib/libQt6Core.so.6.9.0)
==165428==    by 0x9E281C7: ??? (in /opt/Qt/6.9.0/gcc_64/lib/libQt6DBus.so.6.9.0)
==165428==    by 0x9E1FEED: QDBusConnection::sessionBus() (in /opt/Qt/6.9.0/gcc_64/lib/libQt6DBus.so.6.9.0)
==165428==    by 0x5DD898F: ??? (in /opt/Qt/6.9.0/gcc_64/lib/libQt6Gui.so.6.9.0)
==165428==    by 0x5DE8E70: QSpiAccessibleBridge::QSpiAccessibleBridge() (in /opt/Qt/6.9.0/gcc_64/lib/libQt6Gui.so.6.9.0)
==165428==    by 0x14588E3D: QtWaylandClient::QWaylandIntegration::accessibility() const (in /opt/Qt/6.9.0/gcc_64/lib/libQt6WaylandClient.so.6.9.0)
==165428==    by 0x5DA5B9F: QAccessible::isActive() (in /opt/Qt/6.9.0/gcc_64/lib/libQt6Gui.so.6.9.0)
==165428==    by 0x5DA5D98: QAccessible::updateAccessibility(QAccessibleEvent*) (in /opt/Qt/6.9.0/gcc_64/lib/libQt6Gui.so.6.9.0)
==165428==    by 0x4A33A1C: QWidget::setAccessibleName(QString const&) (in /opt/Qt/6.9.0/gcc_64/lib/libQt6Widgets.so.6.9.0)
==165428== 
==165428== 560 bytes in 1 blocks are possibly lost in loss record 10,280 of 11,113
==165428==    at 0x484D953: calloc (in /usr/libexec/valgrind/vgpreload_memcheck-amd64-linux.so)
==165428==    by 0x40145AB: calloc (rtld-malloc.h:44)
==165428==    by 0x40145AB: allocate_dtv (dl-tls.c:370)
==165428==    by 0x40145AB: _dl_allocate_tls (dl-tls.c:629)
==165428==    by 0x781D616: allocate_stack (allocatestack.c:429)
==165428==    by 0x781D616: pthread_create@@GLIBC_2.34 (pthread_create.c:655)
==165428==    by 0x74D7EB0: std::thread::_M_start_thread(std::unique_ptr<std::thread::_State, std::default_delete<std::thread::_State> >, void (*)()) (in /usr/lib/x86_64-linux-gnu/libstdc++.so.6.0.33)
==165428==    by 0x259F50: std::thread::thread<PolicyPage::build_filtering_interface()::{lambda()#1}, , void>(PolicyPage::build_filtering_interface()::{lambda()#1}&&) (std_thread.h:173)
==165428==    by 0x252221: PolicyPage::build_filtering_interface() (PolicyPage.cpp:853)
==165428==    by 0x24F1FD: PolicyPage::PolicyPage(QWidget*) (PolicyPage.cpp:601)
==165428==    by 0x2433A9: CdsGuardMainWindow::CdsGuardMainWindow(QWidget*) (MainWindow.cpp:27)
==165428==    by 0x29955E: main (main.cpp:198)
==165428== 
==165428== 560 bytes in 1 blocks are possibly lost in loss record 10,281 of 11,113
==165428==    at 0x484D953: calloc (in /usr/libexec/valgrind/vgpreload_memcheck-amd64-linux.so)
==165428==    by 0x40145AB: calloc (rtld-malloc.h:44)
==165428==    by 0x40145AB: allocate_dtv (dl-tls.c:370)
==165428==    by 0x40145AB: _dl_allocate_tls (dl-tls.c:629)
==165428==    by 0x781D616: allocate_stack (allocatestack.c:429)
==165428==    by 0x781D616: pthread_create@@GLIBC_2.34 (pthread_create.c:655)
==165428==    by 0x74D7EB0: std::thread::_M_start_thread(std::unique_ptr<std::thread::_State, std::default_delete<std::thread::_State> >, void (*)()) (in /usr/lib/x86_64-linux-gnu/libstdc++.so.6.0.33)
==165428==    by 0x29E4F8: std::thread::thread<void (&)(std::stop_token, std::function<void (ReceivedPayload&&)>), std::stop_token, void (&)(ReceivedPayload&&), void>(void (&)(std::stop_token, std::function<void (ReceivedPayload&&)>), std::stop_token&&, void (&)(ReceivedPayload&&)) (std_thread.h:173)
==165428==    by 0x29DD07: std::thread std::jthread::_S_create<void (&)(std::stop_token, std::function<void (ReceivedPayload&&)>), void (&)(ReceivedPayload&&)>(std::stop_source&, void (&)(std::stop_token, std::function<void (ReceivedPayload&&)>), void (&)(ReceivedPayload&&)) (thread:267)
==165428==    by 0x29C728: std::jthread::jthread<void (&)(std::stop_token, std::function<void (ReceivedPayload&&)>), void (&)(ReceivedPayload&&), void>(void (&)(std::stop_token, std::function<void (ReceivedPayload&&)>), void (&)(ReceivedPayload&&)) (thread:163)
==165428==    by 0x2996C5: main (main.cpp:214)
==165428== 
==165428== 560 bytes in 1 blocks are possibly lost in loss record 10,282 of 11,113
==165428==    at 0x484D953: calloc (in /usr/libexec/valgrind/vgpreload_memcheck-amd64-linux.so)
==165428==    by 0x40145AB: calloc (rtld-malloc.h:44)
==165428==    by 0x40145AB: allocate_dtv (dl-tls.c:370)
==165428==    by 0x40145AB: _dl_allocate_tls (dl-tls.c:629)
==165428==    by 0x781D616: allocate_stack (allocatestack.c:429)
==165428==    by 0x781D616: pthread_create@@GLIBC_2.34 (pthread_create.c:655)
==165428==    by 0x74D7EB0: std::thread::_M_start_thread(std::unique_ptr<std::thread::_State, std::default_delete<std::thread::_State> >, void (*)()) (in /usr/lib/x86_64-linux-gnu/libstdc++.so.6.0.33)
==165428==    by 0x163858: std::thread::thread<void (&)(asio::io_context&, asio::basic_stream_socket<asio::ip::tcp, asio::any_io_executor>), std::reference_wrapper<asio::io_context>, asio::basic_stream_socket<asio::ip::tcp, asio::any_io_executor>, void>(void (&)(asio::io_context&, asio::basic_stream_socket<asio::ip::tcp, asio::any_io_executor>), std::reference_wrapper<asio::io_context>&&, asio::basic_stream_socket<asio::ip::tcp, asio::any_io_executor>&&) (std_thread.h:173)
==165428==    by 0x14F093: CdsGatewayConnectionAcceptLoop(std::stop_token, asio::io_context&, asio::basic_socket_acceptor<asio::ip::tcp, asio::any_io_executor>&) (CdsGateway.cpp:228)
==165428==    by 0x29FCBC: void std::__invoke_impl<void, void (*)(std::stop_token, asio::io_context&, asio::basic_socket_acceptor<asio::ip::tcp, asio::any_io_executor>&), std::stop_token, std::reference_wrapper<asio::io_context>, std::reference_wrapper<asio::basic_socket_acceptor<asio::ip::tcp, asio::any_io_executor> > >(std::__invoke_other, void (*&&)(std::stop_token, asio::io_context&, asio::basic_socket_acceptor<asio::ip::tcp, asio::any_io_executor>&), std::stop_token&&, std::reference_wrapper<asio::io_context>&&, std::reference_wrapper<asio::basic_socket_acceptor<asio::ip::tcp, asio::any_io_executor> >&&) (invoke.h:61)
==165428==    by 0x29F9F8: std::__invoke_result<void (*)(std::stop_token, asio::io_context&, asio::basic_socket_acceptor<asio::ip::tcp, asio::any_io_executor>&), std::stop_token, std::reference_wrapper<asio::io_context>, std::reference_wrapper<asio::basic_socket_acceptor<asio::ip::tcp, asio::any_io_executor> > >::type std::__invoke<void (*)(std::stop_token, asio::io_context&, asio::basic_socket_acceptor<asio::ip::tcp, asio::any_io_executor>&), std::stop_token, std::reference_wrapper<asio::io_context>, std::reference_wrapper<asio::basic_socket_acceptor<asio::ip::tcp, asio::any_io_executor> > >(void (*&&)(std::stop_token, asio::io_context&, asio::basic_socket_acceptor<asio::ip::tcp, asio::any_io_executor>&), std::stop_token&&, std::reference_wrapper<asio::io_context>&&, std::reference_wrapper<asio::basic_socket_acceptor<asio::ip::tcp, asio::any_io_executor> >&&) (invoke.h:96)
==165428==    by 0x29F7F6: void std::thread::_Invoker<std::tuple<void (*)(std::stop_token, asio::io_context&, asio::basic_socket_acceptor<asio::ip::tcp, asio::any_io_executor>&), std::stop_token, std::reference_wrapper<asio::io_context>, std::reference_wrapper<asio::basic_socket_acceptor<asio::ip::tcp, asio::any_io_executor> > > >::_M_invoke<0ul, 1ul, 2ul, 3ul>(std::_Index_tuple<0ul, 1ul, 2ul, 3ul>) (std_thread.h:301)
==165428==    by 0x29F705: std::thread::_Invoker<std::tuple<void (*)(std::stop_token, asio::io_context&, asio::basic_socket_acceptor<asio::ip::tcp, asio::any_io_executor>&), std::stop_token, std::reference_wrapper<asio::io_context>, std::reference_wrapper<asio::basic_socket_acceptor<asio::ip::tcp, asio::any_io_executor> > > >::operator()() (std_thread.h:308)
==165428==    by 0x29F6C5: std::thread::_State_impl<std::thread::_Invoker<std::tuple<void (*)(std::stop_token, asio::io_context&, asio::basic_socket_acceptor<asio::ip::tcp, asio::any_io_executor>&), std::stop_token, std::reference_wrapper<asio::io_context>, std::reference_wrapper<asio::basic_socket_acceptor<asio::ip::tcp, asio::any_io_executor> > > > >::_M_run() (std_thread.h:253)
==165428==    by 0x74D7DB3: ??? (in /usr/lib/x86_64-linux-gnu/libstdc++.so.6.0.33)
==165428== 
==165428== 1,120 bytes in 2 blocks are possibly lost in loss record 10,639 of 11,113
==165428==    at 0x484D953: calloc (in /usr/libexec/valgrind/vgpreload_memcheck-amd64-linux.so)
==165428==    by 0x40145AB: calloc (rtld-malloc.h:44)
==165428==    by 0x40145AB: allocate_dtv (dl-tls.c:370)
==165428==    by 0x40145AB: _dl_allocate_tls (dl-tls.c:629)
==165428==    by 0x781D616: allocate_stack (allocatestack.c:429)
==165428==    by 0x781D616: pthread_create@@GLIBC_2.34 (pthread_create.c:655)
==165428==    by 0x74D7EB0: std::thread::_M_start_thread(std::unique_ptr<std::thread::_State, std::default_delete<std::thread::_State> >, void (*)()) (in /usr/lib/x86_64-linux-gnu/libstdc++.so.6.0.33)
==165428==    by 0x1C1ED6: std::thread::thread<FilteringInterface::FilteringInterface()::{lambda()#1}, , void>(FilteringInterface::FilteringInterface()::{lambda()#1}&&) (std_thread.h:173)
==165428==    by 0x1C17AC: std::thread std::jthread::_S_create<FilteringInterface::FilteringInterface()::{lambda()#1}>(std::stop_source&, FilteringInterface::FilteringInterface()::{lambda()#1}&&) (thread:275)
==165428==    by 0x1C0C2B: std::jthread::jthread<FilteringInterface::FilteringInterface()::{lambda()#1}, , void>(FilteringInterface::FilteringInterface()::{lambda()#1}&&) (thread:163)
==165428==    by 0x1BFBDF: decltype (::new ((void*)(0)) std::jthread((declval<FilteringInterface::FilteringInterface()::{lambda()#1}>)())) std::construct_at<std::jthread, FilteringInterface::FilteringInterface()::{lambda()#1}>(std::jthread*, FilteringInterface::FilteringInterface()::{lambda()#1}&&) (stl_construct.h:97)
==165428==    by 0x1BCAD0: construct<std::jthread, FilteringInterface::FilteringInterface()::<lambda()> > (alloc_traits.h:536)
==165428==    by 0x1BCAD0: std::jthread& std::vector<std::jthread, std::allocator<std::jthread> >::emplace_back<FilteringInterface::FilteringInterface()::{lambda()#1}>(FilteringInterface::FilteringInterface()::{lambda()#1}&&) (vector.tcc:117)
==165428==    by 0x1B788C: FilteringInterface::FilteringInterface() (FilteringInterface.cpp:28)
==165428==    by 0x1B7A16: FilteringInterface::instance() (FilteringInterface.cpp:41)
==165428==    by 0x21E1FA: LoggingPage::LoggingPage(QWidget*) (LoggingPage.cpp:84)
==165428== 
==165428== 1,120 bytes in 2 blocks are possibly lost in loss record 10,640 of 11,113
==165428==    at 0x484D953: calloc (in /usr/libexec/valgrind/vgpreload_memcheck-amd64-linux.so)
==165428==    by 0x40145AB: calloc (rtld-malloc.h:44)
==165428==    by 0x40145AB: allocate_dtv (dl-tls.c:370)
==165428==    by 0x40145AB: _dl_allocate_tls (dl-tls.c:629)
==165428==    by 0x781D616: allocate_stack (allocatestack.c:429)
==165428==    by 0x781D616: pthread_create@@GLIBC_2.34 (pthread_create.c:655)
==165428==    by 0x74D7EB0: std::thread::_M_start_thread(std::unique_ptr<std::thread::_State, std::default_delete<std::thread::_State> >, void (*)()) (in /usr/lib/x86_64-linux-gnu/libstdc++.so.6.0.33)
==165428==    by 0x1C3B44: std::thread::thread<void (std::__future_base::_Async_state_impl<std::thread::_Invoker<std::tuple<FilteringInterface::instance()::{lambda()#1}> >, FilteringInterface&>::*)(), std::__future_base::_Async_state_impl<std::thread::_Invoker<std::tuple<FilteringInterface::instance()::{lambda()#1}> >, FilteringInterface&>*, void>(void (std::__future_base::_Async_state_impl<std::thread::_Invoker<std::tuple<FilteringInterface::instance()::{lambda()#1}> >, FilteringInterface&>::*&&)(), std::__future_base::_Async_state_impl<std::thread::_Invoker<std::tuple<FilteringInterface::instance()::{lambda()#1}> >, FilteringInterface&>*&&) (std_thread.h:173)
==165428==    by 0x1C31DC: std::__future_base::_Async_state_impl<std::thread::_Invoker<std::tuple<FilteringInterface::instance()::{lambda()#1}> >, FilteringInterface&>::_Async_state_impl<FilteringInterface::instance()::{lambda()#1}&>(FilteringInterface::instance()::{lambda()#1}&) (future:1763)
==165428==    by 0x1C2D05: void std::_Construct<std::__future_base::_Async_state_impl<std::thread::_Invoker<std::tuple<FilteringInterface::instance()::{lambda()#1}> >, FilteringInterface&>, FilteringInterface::instance()::{lambda()#1}&>(std::__future_base::_Async_state_impl<std::thread::_Invoker<std::tuple<FilteringInterface::instance()::{lambda()#1}> >, FilteringInterface&>*, FilteringInterface::instance()::{lambda()#1}&) (stl_construct.h:119)
==165428==    by 0x1C2153: construct<std::__future_base::_Async_state_impl<std::thread::_Invoker<std::tuple<FilteringInterface::instance()::<lambda()> > >, FilteringInterface&>, FilteringInterface::instance()::<lambda()>&> (alloc_traits.h:657)
==165428==    by 0x1C2153: std::_Sp_counted_ptr_inplace<std::__future_base::_Async_state_impl<std::thread::_Invoker<std::tuple<FilteringInterface::instance()::{lambda()#1}> >, FilteringInterface&>, std::allocator<void>, (__gnu_cxx::_Lock_policy)2>::_Sp_counted_ptr_inplace<FilteringInterface::instance()::{lambda()#1}&>(std::allocator<void>, FilteringInterface::instance()::{lambda()#1}&) (shared_ptr_base.h:607)
==165428==    by 0x1C1853: std::__shared_count<(__gnu_cxx::_Lock_policy)2>::__shared_count<std::__future_base::_Async_state_impl<std::thread::_Invoker<std::tuple<FilteringInterface::instance()::{lambda()#1}> >, FilteringInterface&>, std::allocator<void>, FilteringInterface::instance()::{lambda()#1}&>(std::__future_base::_Async_state_impl<std::thread::_Invoker<std::tuple<FilteringInterface::instance()::{lambda()#1}> >, FilteringInterface&>*&, std::_Sp_alloc_shared_tag<std::allocator<void> >, FilteringInterface::instance()::{lambda()#1}&) (shared_ptr_base.h:969)
==165428==    by 0x1C0CC3: std::__shared_ptr<std::__future_base::_Async_state_impl<std::thread::_Invoker<std::tuple<FilteringInterface::instance()::{lambda()#1}> >, FilteringInterface&>, (__gnu_cxx::_Lock_policy)2>::__shared_ptr<std::allocator<void>, FilteringInterface::instance()::{lambda()#1}&>(std::_Sp_alloc_shared_tag<std::allocator<void> >, FilteringInterface::instance()::{lambda()#1}&) (shared_ptr_base.h:1713)
==165428==    by 0x1BFC4A: std::shared_ptr<std::__future_base::_Async_state_impl<std::thread::_Invoker<std::tuple<FilteringInterface::instance()::{lambda()#1}> >, FilteringInterface&> >::shared_ptr<std::allocator<void>, FilteringInterface::instance()::{lambda()#1}&>(std::_Sp_alloc_shared_tag<std::allocator<void> >, FilteringInterface::instance()::{lambda()#1}&) (shared_ptr.h:463)
==165428==    by 0x1BE39A: std::shared_ptr<std::__future_base::_Async_state_impl<std::thread::_Invoker<std::tuple<FilteringInterface::instance()::{lambda()#1}> >, FilteringInterface&> > std::make_shared<std::__future_base::_Async_state_impl<std::thread::_Invoker<std::tuple<FilteringInterface::instance()::{lambda()#1}> >, FilteringInterface&>, FilteringInterface::instance()::{lambda()#1}&>(FilteringInterface::instance()::{lambda()#1}&) (shared_ptr.h:1008)
==165428== 
==165428== 1,120 bytes in 2 blocks are possibly lost in loss record 10,641 of 11,113
==165428==    at 0x484D953: calloc (in /usr/libexec/valgrind/vgpreload_memcheck-amd64-linux.so)
==165428==    by 0x40145AB: calloc (rtld-malloc.h:44)
==165428==    by 0x40145AB: allocate_dtv (dl-tls.c:370)
==165428==    by 0x40145AB: _dl_allocate_tls (dl-tls.c:629)
==165428==    by 0x781D616: allocate_stack (allocatestack.c:429)
==165428==    by 0x781D616: pthread_create@@GLIBC_2.34 (pthread_create.c:655)
==165428==    by 0xCBFBBEC: ??? (in /usr/lib/x86_64-linux-gnu/libtbb.so.12.11)
==165428==    by 0xCC01C84: ??? (in /usr/lib/x86_64-linux-gnu/libtbb.so.12.11)
==165428==    by 0xCBFA5AC: ??? (in /usr/lib/x86_64-linux-gnu/libtbb.so.12.11)
==165428==    by 0xCBFDA7F: ??? (in /usr/lib/x86_64-linux-gnu/libtbb.so.12.11)
==165428==    by 0x7259F17: ??? (in /usr/lib/x86_64-linux-gnu/libopencv_core.so.4.6.0)
==165428==    by 0xCC04CBC: ??? (in /usr/lib/x86_64-linux-gnu/libtbb.so.12.11)
==165428==    by 0x725AC28: ??? (in /usr/lib/x86_64-linux-gnu/libopencv_core.so.4.6.0)
==165428==    by 0xCBF1540: ??? (in /usr/lib/x86_64-linux-gnu/libtbb.so.12.11)
==165428==    by 0x724EC9C: cv::parallel_for_(cv::Range const&, cv::ParallelLoopBody const&, double) (in /usr/lib/x86_64-linux-gnu/libopencv_core.so.4.6.0)
==165428== 
==165428== 1,120 bytes in 2 blocks are possibly lost in loss record 10,642 of 11,113
==165428==    at 0x484D953: calloc (in /usr/libexec/valgrind/vgpreload_memcheck-amd64-linux.so)
==165428==    by 0x40145AB: calloc (rtld-malloc.h:44)
==165428==    by 0x40145AB: allocate_dtv (dl-tls.c:370)
==165428==    by 0x40145AB: _dl_allocate_tls (dl-tls.c:629)
==165428==    by 0x781D616: allocate_stack (allocatestack.c:429)
==165428==    by 0x781D616: pthread_create@@GLIBC_2.34 (pthread_create.c:655)
==165428==    by 0x675101E: QThread::start(QThread::Priority) (in /opt/Qt/6.9.0/gcc_64/lib/libQt6Core.so.6.9.0)
==165428==    by 0x6759BDA: QThreadPoolPrivate::startThread(QRunnable*) (in /opt/Qt/6.9.0/gcc_64/lib/libQt6Core.so.6.9.0)
==165428==    by 0x675ABFC: QThreadPoolPrivate::tryStart(QRunnable*) (in /opt/Qt/6.9.0/gcc_64/lib/libQt6Core.so.6.9.0)
==165428==    by 0x675B02D: QThreadPool::start(QRunnable*, int) (in /opt/Qt/6.9.0/gcc_64/lib/libQt6Core.so.6.9.0)
==165428==    by 0x5F79738: ??? (in /opt/Qt/6.9.0/gcc_64/lib/libQt6Gui.so.6.9.0)
==165428==    by 0x5AC7A88: ??? (in /opt/Qt/6.9.0/gcc_64/lib/libQt6Gui.so.6.9.0)
==165428==    by 0x5B03331: ??? (in /opt/Qt/6.9.0/gcc_64/lib/libQt6Gui.so.6.9.0)
==165428==    by 0x5B11300: QRasterPaintEngine::fill(QVectorPath const&, QBrush const&) (in /opt/Qt/6.9.0/gcc_64/lib/libQt6Gui.so.6.9.0)
==165428==    by 0x5B1F75E: QPaintEngineEx::stroke(QVectorPath const&, QPen const&) (in /opt/Qt/6.9.0/gcc_64/lib/libQt6Gui.so.6.9.0)
==165428== 
==165428== 2,304 bytes in 1 blocks are possibly lost in loss record 10,873 of 11,113
==165428==    at 0x4846828: malloc (in /usr/libexec/valgrind/vgpreload_memcheck-amd64-linux.so)
==165428==    by 0x4004EDC: malloc (rtld-malloc.h:56)
==165428==    by 0x4004EDC: _dlfo_mappings_segment_allocate (dl-find_object.c:217)
==165428==    by 0x4004EDC: _dl_find_object_update_1 (dl-find_object.c:671)
==165428==    by 0x4004EDC: _dl_find_object_update (dl-find_object.c:805)
==165428==    by 0x400DC37: dl_open_worker_begin (dl-open.c:756)
==165428==    by 0x400151B: _dl_catch_exception (dl-catch.c:237)
==165428==    by 0x400CD1F: dl_open_worker (dl-open.c:803)
==165428==    by 0x400151B: _dl_catch_exception (dl-catch.c:237)
==165428==    by 0x400D163: _dl_open (dl-open.c:905)
==165428==    by 0x78181A3: dlopen_doit (dlopen.c:56)
==165428==    by 0x400151B: _dl_catch_exception (dl-catch.c:237)
==165428==    by 0x4001668: _dl_catch_error (dl-catch.c:256)
==165428==    by 0x7817C82: _dlerror_run (dlerror.c:138)
==165428==    by 0x781825E: dlopen_implementation (dlopen.c:71)
==165428==    by 0x781825E: dlopen@@GLIBC_2.34 (dlopen.c:81)
==165428== 
==165428== 2,800 bytes in 5 blocks are possibly lost in loss record 10,908 of 11,113
==165428==    at 0x484D953: calloc (in /usr/libexec/valgrind/vgpreload_memcheck-amd64-linux.so)
==165428==    by 0x40145AB: calloc (rtld-malloc.h:44)
==165428==    by 0x40145AB: allocate_dtv (dl-tls.c:370)
==165428==    by 0x40145AB: _dl_allocate_tls (dl-tls.c:629)
==165428==    by 0x781D616: allocate_stack (allocatestack.c:429)
==165428==    by 0x781D616: pthread_create@@GLIBC_2.34 (pthread_create.c:655)
==165428==    by 0x675101E: QThread::start(QThread::Priority) (in /opt/Qt/6.9.0/gcc_64/lib/libQt6Core.so.6.9.0)
==165428==    by 0x6759BDA: QThreadPoolPrivate::startThread(QRunnable*) (in /opt/Qt/6.9.0/gcc_64/lib/libQt6Core.so.6.9.0)
==165428==    by 0x675ABFC: QThreadPoolPrivate::tryStart(QRunnable*) (in /opt/Qt/6.9.0/gcc_64/lib/libQt6Core.so.6.9.0)
==165428==    by 0x675B02D: QThreadPool::start(QRunnable*, int) (in /opt/Qt/6.9.0/gcc_64/lib/libQt6Core.so.6.9.0)
==165428==    by 0x5F79738: ??? (in /opt/Qt/6.9.0/gcc_64/lib/libQt6Gui.so.6.9.0)
==165428==    by 0x5AFF1E2: ??? (in /opt/Qt/6.9.0/gcc_64/lib/libQt6Gui.so.6.9.0)
==165428==    by 0x5BC5174: ??? (in /opt/Qt/6.9.0/gcc_64/lib/libQt6Gui.so.6.9.0)
==165428==    by 0x5BC28BC: ??? (in /opt/Qt/6.9.0/gcc_64/lib/libQt6Gui.so.6.9.0)
==165428==    by 0x5BC2EED: ??? (in /opt/Qt/6.9.0/gcc_64/lib/libQt6Gui.so.6.9.0)
==165428== 
==165428== 11,760 bytes in 21 blocks are possibly lost in loss record 11,033 of 11,113
==165428==    at 0x484D953: calloc (in /usr/libexec/valgrind/vgpreload_memcheck-amd64-linux.so)
==165428==    by 0x40145AB: calloc (rtld-malloc.h:44)
==165428==    by 0x40145AB: allocate_dtv (dl-tls.c:370)
==165428==    by 0x40145AB: _dl_allocate_tls (dl-tls.c:629)
==165428==    by 0x781D616: allocate_stack (allocatestack.c:429)
==165428==    by 0x781D616: pthread_create@@GLIBC_2.34 (pthread_create.c:655)
==165428==    by 0xCBFBBEC: ??? (in /usr/lib/x86_64-linux-gnu/libtbb.so.12.11)
==165428==    by 0xCBFCF46: ??? (in /usr/lib/x86_64-linux-gnu/libtbb.so.12.11)
==165428==    by 0x781CAA3: start_thread (pthread_create.c:447)
==165428==    by 0x78A9A33: clone (clone.S:100)
==165428== 
==165428== 13,440 bytes in 24 blocks are possibly lost in loss record 11,041 of 11,113
==165428==    at 0x484D953: calloc (in /usr/libexec/valgrind/vgpreload_memcheck-amd64-linux.so)
==165428==    by 0x40145AB: calloc (rtld-malloc.h:44)
==165428==    by 0x40145AB: allocate_dtv (dl-tls.c:370)
==165428==    by 0x40145AB: _dl_allocate_tls (dl-tls.c:629)
==165428==    by 0x781D616: allocate_stack (allocatestack.c:429)
==165428==    by 0x781D616: pthread_create@@GLIBC_2.34 (pthread_create.c:655)
==165428==    by 0x74D7EB0: std::thread::_M_start_thread(std::unique_ptr<std::thread::_State, std::default_delete<std::thread::_State> >, void (*)()) (in /usr/lib/x86_64-linux-gnu/libstdc++.so.6.0.33)
==165428==    by 0x1C1DD2: std::thread::thread<FilteringInterface::FilteringInterface()::{lambda(std::stop_token)#1}, std::stop_token, void>(FilteringInterface::FilteringInterface()::{lambda(std::stop_token)#1}&&, std::stop_token&&) (std_thread.h:173)
==165428==    by 0x1C171A: std::thread std::jthread::_S_create<FilteringInterface::FilteringInterface()::{lambda(std::stop_token)#1}>(std::stop_source&, FilteringInterface::FilteringInterface()::{lambda(std::stop_token)#1}&&) (thread:267)
==165428==    by 0x1C0B8B: std::jthread::jthread<FilteringInterface::FilteringInterface()::{lambda(std::stop_token)#1}, , void>(FilteringInterface::FilteringInterface()::{lambda(std::stop_token)#1}&&) (thread:163)
==165428==    by 0x1BFB63: decltype (::new ((void*)(0)) std::jthread((declval<FilteringInterface::FilteringInterface()::{lambda(std::stop_token)#1}>)())) std::construct_at<std::jthread, FilteringInterface::FilteringInterface()::{lambda(std::stop_token)#1}>(std::jthread*, FilteringInterface::FilteringInterface()::{lambda(std::stop_token)#1}&&) (stl_construct.h:97)
==165428==    by 0x1BCA26: construct<std::jthread, FilteringInterface::FilteringInterface()::<lambda(std::stop_token)> > (alloc_traits.h:536)
==165428==    by 0x1BCA26: std::jthread& std::vector<std::jthread, std::allocator<std::jthread> >::emplace_back<FilteringInterface::FilteringInterface()::{lambda(std::stop_token)#1}>(FilteringInterface::FilteringInterface()::{lambda(std::stop_token)#1}&&) (vector.tcc:117)
==165428==    by 0x1B7800: FilteringInterface::FilteringInterface() (FilteringInterface.cpp:21)
==165428==    by 0x1B7A16: FilteringInterface::instance() (FilteringInterface.cpp:41)
==165428==    by 0x21E1FA: LoggingPage::LoggingPage(QWidget*) (LoggingPage.cpp:84)
==165428== 
==165428== 258,332 bytes in 1,163 blocks are possibly lost in loss record 11,102 of 11,113
==165428==    at 0x484D953: calloc (in /usr/libexec/valgrind/vgpreload_memcheck-amd64-linux.so)
==165428==    by 0x14612DDD: ??? (in /usr/lib/x86_64-linux-gnu/libwayland-client.so.0.22.0)
==165428==    by 0x146152F5: wl_display_read_events (in /usr/lib/x86_64-linux-gnu/libwayland-client.so.0.22.0)
==165428==    by 0x1456D921: ??? (in /opt/Qt/6.9.0/gcc_64/lib/libQt6WaylandClient.so.6.9.0)
==165428==    by 0x675169A: ??? (in /opt/Qt/6.9.0/gcc_64/lib/libQt6Core.so.6.9.0)
==165428==    by 0x781CAA3: start_thread (pthread_create.c:447)
==165428==    by 0x78A9A33: clone (clone.S:100)
==165428== 
==165428== 150,795,549 bytes in 24 blocks are possibly lost in loss record 11,113 of 11,113
==165428==    at 0x4846828: malloc (in /usr/libexec/valgrind/vgpreload_memcheck-amd64-linux.so)
==165428==    by 0x70ED628: cv::fastMalloc(unsigned long) (in /usr/lib/x86_64-linux-gnu/libopencv_core.so.4.6.0)
==165428==    by 0x71BC51B: ??? (in /usr/lib/x86_64-linux-gnu/libopencv_core.so.4.6.0)
==165428==    by 0x71B2636: cv::Mat::create(int, int const*, int) (in /usr/lib/x86_64-linux-gnu/libopencv_core.so.4.6.0)
==165428==    by 0x71B298F: cv::Mat::create(int, int, int) (in /usr/lib/x86_64-linux-gnu/libopencv_core.so.4.6.0)
==165428==    by 0x5789727: ??? (in /usr/lib/x86_64-linux-gnu/libopencv_imgcodecs.so.4.6.0)
==165428==    by 0x5761E6E: cv::imdecode(cv::_InputArray const&, int) (in /usr/lib/x86_64-linux-gnu/libopencv_imgcodecs.so.4.6.0)
==165428==    by 0x248D6D: ParseZip::extract_doc_content(MzMemStreamRAII&) (ParseZip.cpp:160)
==165428==    by 0x1B8519: FilteringInterface::enqueue_censor_document_file(std::span<unsigned char, 18446744073709551615ul>)::{lambda()#1}::operator()() const (FilteringInterface.cpp:243)
==165428==    by 0x1C525D: unsigned long std::__invoke_impl<unsigned long, FilteringInterface::enqueue_censor_document_file(std::span<unsigned char, 18446744073709551615ul>)::{lambda()#1}>(std::__invoke_other, FilteringInterface::enqueue_censor_document_file(std::span<unsigned char, 18446744073709551615ul>)::{lambda()#1}&&) (invoke.h:61)
==165428==    by 0x1C51D7: std::__invoke_result<FilteringInterface::enqueue_censor_document_file(std::span<unsigned char, 18446744073709551615ul>)::{lambda()#1}>::type std::__invoke<FilteringInterface::enqueue_censor_document_file(std::span<unsigned char, 18446744073709551615ul>)::{lambda()#1}>(FilteringInterface::enqueue_censor_document_file(std::span<unsigned char, 18446744073709551615ul>)::{lambda()#1}&&) (invoke.h:96)
==165428==    by 0x1C5133: unsigned long std::thread::_Invoker<std::tuple<FilteringInterface::enqueue_censor_document_file(std::span<unsigned char, 18446744073709551615ul>)::{lambda()#1}> >::_M_invoke<0ul>(std::_Index_tuple<0ul>) (std_thread.h:301)
==165428== 
==165428== LEAK SUMMARY:
==165428==    definitely lost: 256 bytes in 1 blocks
==165428==    indirectly lost: 64 bytes in 2 blocks
==165428==      possibly lost: 151,099,913 bytes in 1,302 blocks
==165428==    still reachable: 24,569,544 bytes in 86,837 blocks
==165428==                       of which reachable via heuristic:
==165428==                         newarray           : 40,240 bytes in 258 blocks
==165428==                         multipleinheritance: 11,576 bytes in 9 blocks
==165428==         suppressed: 0 bytes in 0 blocks
==165428== Reachable blocks (those to which a pointer was found) are not shown.
==165428== To see them, rerun with: --leak-check=full --show-leak-kinds=all
==165428== 
==165428== For lists of detected and suppressed errors, rerun with: -s
==165428== ERROR SUMMARY: 67 errors from 67 contexts (suppressed: 0 from 0)
